  [1m[35m (126.4ms)[0m  [1m[35mSET NAMES utf8,  @@SESSION.sql_mode = CONCAT(CONCAT(@@sql_mode, ',STRICT_ALL_TABLES'), ',NO_AUTO_VALUE_ON_ZERO'),  @@SESSION.sql_auto_is_null = 0, @@SESSION.wait_timeout = 2147483[0m
  â†³ bin/rails:4
  [1m[35m (9.6ms)[0m  [1m[35mCREATE DATABASE `mymenu_development` DEFAULT CHARACTER SET `utf8`[0m
  â†³ bin/rails:4
  [1m[35m (0.3ms)[0m  [1m[35mSET NAMES utf8,  @@SESSION.sql_mode = CONCAT(CONCAT(@@sql_mode, ',STRICT_ALL_TABLES'), ',NO_AUTO_VALUE_ON_ZERO'),  @@SESSION.sql_auto_is_null = 0, @@SESSION.wait_timeout = 2147483[0m
  â†³ bin/rails:4
  [1m[35m (2.8ms)[0m  [1m[35mCREATE DATABASE `mymenu_test` DEFAULT CHARACTER SET `utf8`[0m
  â†³ bin/rails:4
  [1m[35m (0.4ms)[0m  [1m[35mSET NAMES utf8,  @@SESSION.sql_mode = CONCAT(CONCAT(@@sql_mode, ',STRICT_ALL_TABLES'), ',NO_AUTO_VALUE_ON_ZERO'),  @@SESSION.sql_auto_is_null = 0, @@SESSION.wait_timeout = 2147483[0m
  â†³ bin/rails:4
  [1m[35m (128.2ms)[0m  [1m[35mCREATE TABLE `schema_migrations` (`version` varchar(255) NOT NULL PRIMARY KEY)[0m
  â†³ bin/rails:4
  [1m[35m (110.2ms)[0m  [1m[35mCREATE TABLE `ar_internal_metadata` (`key` varchar(255) NOT NULL PRIMARY KEY, `value` varchar(255), `created_at` datetime NOT NULL, `updated_at` datetime NOT NULL)[0m
  â†³ bin/rails:4
  [1m[35m (0.6ms)[0m  [1m[34mSELECT GET_LOCK('1753920595437928575', 0)[0m
  â†³ bin/rails:4
  [1m[35m (1.3ms)[0m  [1m[34mSELECT `schema_migrations`.`version` FROM `schema_migrations` ORDER BY `schema_migrations`.`version` ASC[0m
  â†³ bin/rails:4
Migrating to DeviseCreateUsers (20181205140031)
  [1m[35m (44.2ms)[0m  [1m[35mCREATE TABLE `users` (`id` bigint NOT NULL AUTO_INCREMENT PRIMARY KEY, `email` varchar(255) DEFAULT '' NOT NULL, `encrypted_password` varchar(255) DEFAULT '' NOT NULL, `reset_password_token` varchar(255), `reset_password_sent_at` datetime, `remember_created_at` datetime, `created_at` datetime NOT NULL, `updated_at` datetime NOT NULL)[0m
  â†³ db/migrate/20181205140031_devise_create_users.rb:5
  [1m[35m (34.2ms)[0m  [1m[35mCREATE UNIQUE INDEX `index_users_on_email`  ON `users` (`email`) [0m
  â†³ db/migrate/20181205140031_devise_create_users.rb:39
  [1m[35m (20.7ms)[0m  [1m[35mCREATE UNIQUE INDEX `index_users_on_reset_password_token`  ON `users` (`reset_password_token`) [0m
  â†³ db/migrate/20181205140031_devise_create_users.rb:40
  [1m[35m (0.7ms)[0m  [1m[35mBEGIN[0m
  â†³ bin/rails:4
  [1m[36mActiveRecord::SchemaMigration Create (1.2ms)[0m  [1m[32mINSERT INTO `schema_migrations` (`version`) VALUES ('20181205140031')[0m
  â†³ bin/rails:4
  [1m[35m (4.7ms)[0m  [1m[35mCOMMIT[0m
  â†³ bin/rails:4
  [1m[36mActiveRecord::InternalMetadata Load (1.2ms)[0m  [1m[34mSELECT  `ar_internal_metadata`.* FROM `ar_internal_metadata` WHERE `ar_internal_metadata`.`key` = 'environment' LIMIT 1[0m
  â†³ bin/rails:4
  [1m[35m (0.3ms)[0m  [1m[35mBEGIN[0m
  â†³ bin/rails:4
  [1m[36mActiveRecord::InternalMetadata Create (0.5ms)[0m  [1m[32mINSERT INTO `ar_internal_metadata` (`key`, `value`, `created_at`, `updated_at`) VALUES ('environment', 'development', '2018-12-05 14:04:41', '2018-12-05 14:04:41')[0m
  â†³ bin/rails:4
  [1m[35m (4.3ms)[0m  [1m[35mCOMMIT[0m
  â†³ bin/rails:4
  [1m[35m (0.8ms)[0m  [1m[34mSELECT RELEASE_LOCK('1753920595437928575')[0m
  â†³ bin/rails:4
  [1m[35m (0.4ms)[0m  [1m[34mSELECT `schema_migrations`.`version` FROM `schema_migrations` ORDER BY `schema_migrations`.`version` ASC[0m
  â†³ bin/rails:4
Started GET "/users/index" for 127.0.0.1 at 2018-12-05 23:09:56 +0900
  [1m[35m (0.5ms)[0m  [1m[35mSET NAMES utf8,  @@SESSION.sql_mode = CONCAT(CONCAT(@@sql_mode, ',STRICT_ALL_TABLES'), ',NO_AUTO_VALUE_ON_ZERO'),  @@SESSION.sql_auto_is_null = 0, @@SESSION.wait_timeout = 2147483[0m
  â†³ C:/Ruby25-x64/lib/ruby/gems/2.5.0/gems/activerecord-5.2.2/lib/active_record/log_subscriber.rb:98
  [1m[35m (0.5ms)[0m  [1m[34mSELECT `schema_migrations`.`version` FROM `schema_migrations` ORDER BY `schema_migrations`.`version` ASC[0m
  â†³ C:/Ruby25-x64/lib/ruby/gems/2.5.0/gems/activerecord-5.2.2/lib/active_record/log_subscriber.rb:98
Processing by UsersController#index as HTML
Completed 401 Unauthorized in 20ms (ActiveRecord: 0.0ms)


Started GET "/users/sign_in" for 127.0.0.1 at 2018-12-05 23:09:56 +0900
Processing by Devise::SessionsController#new as HTML
  Rendering devise/sessions/new.html.erb within layouts/application
  Rendered devise/shared/_links.html.erb (1.7ms)
  Rendered devise/sessions/new.html.erb within layouts/application (234.0ms)
Completed 200 OK in 3610ms (Views: 3575.3ms | ActiveRecord: 16.4ms)


Started GET "/users/sign_up" for 127.0.0.1 at 2018-12-05 23:12:32 +0900
Processing by Devise::RegistrationsController#new as HTML
  Rendering devise/registrations/new.html.erb within layouts/application
  Rendered devise/shared/_links.html.erb (2.6ms)
  Rendered devise/registrations/new.html.erb within layouts/application (62.9ms)
Completed 200 OK in 520ms (Views: 517.2ms | ActiveRecord: 0.0ms)


Started POST "/users" for 127.0.0.1 at 2018-12-05 23:13:01 +0900
Processing by Devise::RegistrationsController#create as HTML
  Parameters: {"utf8"=>"âœ“", "authenticity_token"=>"vO+gNLPEkNXuumM4gKQObkUQ3ah68cCCgbC8u9DFBZXcGoALKO1xDWji/+EX68HYiMFnvjtF8RR/DXOvm2t9KQ==", "user"=>{"email"=>"sample@mail", "password"=>"[FILTERED]", "password_confirmation"=>"[FILTERED]"}, "commit"=>"Sign up"}
  [1m[35m (0.3ms)[0m  [1m[35mBEGIN[0m
  â†³ C:/Ruby25-x64/lib/ruby/gems/2.5.0/gems/activerecord-5.2.2/lib/active_record/log_subscriber.rb:98
  [1m[36mUser Exists (49.6ms)[0m  [1m[34mSELECT  1 AS one FROM `users` WHERE `users`.`email` = BINARY 'sample@mail' LIMIT 1[0m
  â†³ C:/Ruby25-x64/lib/ruby/gems/2.5.0/gems/activerecord-5.2.2/lib/active_record/log_subscriber.rb:98
  [1m[35m (0.4ms)[0m  [1m[31mROLLBACK[0m
  â†³ C:/Ruby25-x64/lib/ruby/gems/2.5.0/gems/activerecord-5.2.2/lib/active_record/log_subscriber.rb:98
  Rendering devise/registrations/new.html.erb within layouts/application
  Rendered devise/shared/_links.html.erb (1.3ms)
  Rendered devise/registrations/new.html.erb within layouts/application (51.8ms)
Completed 200 OK in 1873ms (Views: 410.2ms | ActiveRecord: 50.3ms)


Started POST "/users" for 127.0.0.1 at 2018-12-05 23:13:17 +0900
Processing by Devise::RegistrationsController#create as HTML
  Parameters: {"utf8"=>"âœ“", "authenticity_token"=>"/Dj7cpdNXaciIbh23qFreAMZHAoJQUCE8PxzWNlwHMeN3NRVAoFM67HnL9TSyO/4G5jnsTM1gQArV6vHrdnweA==", "user"=>{"email"=>"sample@mail", "password"=>"[FILTERED]", "password_confirmation"=>"[FILTERED]"}, "commit"=>"ã‚µã‚¤ãƒ³ã‚¢ãƒƒãƒ—"}
  [1m[35m (0.4ms)[0m  [1m[35mBEGIN[0m
  â†³ C:/Ruby25-x64/lib/ruby/gems/2.5.0/gems/activerecord-5.2.2/lib/active_record/log_subscriber.rb:98
  [1m[36mUser Exists (0.5ms)[0m  [1m[34mSELECT  1 AS one FROM `users` WHERE `users`.`email` = BINARY 'sample@mail' LIMIT 1[0m
  â†³ C:/Ruby25-x64/lib/ruby/gems/2.5.0/gems/activerecord-5.2.2/lib/active_record/log_subscriber.rb:98
  [1m[36mUser Create (8.5ms)[0m  [1m[32mINSERT INTO `users` (`email`, `encrypted_password`, `created_at`, `updated_at`) VALUES ('sample@mail', '$2a$11$bN9K/A8drpK5/jtu4Fi6GOVeNI91yPds1I1jdys5dQ20/qpfqNq2O', '2018-12-05 14:13:18', '2018-12-05 14:13:18')[0m
  â†³ C:/Ruby25-x64/lib/ruby/gems/2.5.0/gems/activerecord-5.2.2/lib/active_record/log_subscriber.rb:98
  [1m[35m (3.1ms)[0m  [1m[35mCOMMIT[0m
  â†³ C:/Ruby25-x64/lib/ruby/gems/2.5.0/gems/activerecord-5.2.2/lib/active_record/log_subscriber.rb:98
Redirected to http://localhost:3000/users/index
Completed 302 Found in 584ms (ActiveRecord: 12.5ms)


Started GET "/users/index" for 127.0.0.1 at 2018-12-05 23:13:18 +0900
Processing by UsersController#index as HTML
  [1m[36mUser Load (27.7ms)[0m  [1m[34mSELECT  `users`.* FROM `users` WHERE `users`.`id` = 1 ORDER BY `users`.`id` ASC LIMIT 1[0m
  â†³ C:/Ruby25-x64/lib/ruby/gems/2.5.0/gems/activerecord-5.2.2/lib/active_record/log_subscriber.rb:98
  Rendering users/index.html.erb within layouts/application
  Rendered users/index.html.erb within layouts/application (0.9ms)
Completed 200 OK in 288ms (Views: 170.7ms | ActiveRecord: 53.3ms)


Started GET "/users/index" for 127.0.0.1 at 2018-12-05 23:13:35 +0900
Processing by UsersController#index as HTML
  [1m[36mUser Load (1.9ms)[0m  [1m[34mSELECT  `users`.* FROM `users` WHERE `users`.`id` = 1 ORDER BY `users`.`id` ASC LIMIT 1[0m
  â†³ C:/Ruby25-x64/lib/ruby/gems/2.5.0/gems/activerecord-5.2.2/lib/active_record/log_subscriber.rb:98
  Rendering users/index.html.erb within layouts/application
  Rendered users/index.html.erb within layouts/application (1.9ms)
Completed 200 OK in 264ms (Views: 196.8ms | ActiveRecord: 1.9ms)


Started GET "/users/index" for 127.0.0.1 at 2018-12-05 23:18:50 +0900
  [1m[35m (0.4ms)[0m  [1m[35mSET NAMES utf8,  @@SESSION.sql_mode = CONCAT(CONCAT(@@sql_mode, ',STRICT_ALL_TABLES'), ',NO_AUTO_VALUE_ON_ZERO'),  @@SESSION.sql_auto_is_null = 0, @@SESSION.wait_timeout = 2147483[0m
  â†³ C:/Ruby25-x64/lib/ruby/gems/2.5.0/gems/activerecord-5.2.2/lib/active_record/log_subscriber.rb:98
Processing by UsersController#index as HTML
  [1m[36mUser Load (0.6ms)[0m  [1m[34mSELECT  `users`.* FROM `users` WHERE `users`.`id` = 1 ORDER BY `users`.`id` ASC LIMIT 1[0m
  â†³ C:/Ruby25-x64/lib/ruby/gems/2.5.0/gems/activerecord-5.2.2/lib/active_record/log_subscriber.rb:98
  Rendering users/index.html.erb within layouts/application
  Rendered users/index.html.erb within layouts/application (0.6ms)
Completed 200 OK in 230ms (Views: 157.0ms | ActiveRecord: 29.1ms)


Started GET "/users/index" for 127.0.0.1 at 2018-12-05 23:24:05 +0900
Processing by UsersController#index as HTML
  [1m[36mUser Load (0.7ms)[0m  [1m[34mSELECT  `users`.* FROM `users` WHERE `users`.`id` = 1 ORDER BY `users`.`id` ASC LIMIT 1[0m
  â†³ C:/Ruby25-x64/lib/ruby/gems/2.5.0/gems/activerecord-5.2.2/lib/active_record/log_subscriber.rb:98
  Rendering users/index.html.erb within layouts/application
  Rendered users/index.html.erb within layouts/application (1.3ms)
Completed 200 OK in 202ms (Views: 157.3ms | ActiveRecord: 0.7ms)


Started GET "/users/index" for 127.0.0.1 at 2018-12-05 23:28:11 +0900
Processing by UsersController#index as HTML
  [1m[36mUser Load (0.7ms)[0m  [1m[34mSELECT  `users`.* FROM `users` WHERE `users`.`id` = 1 ORDER BY `users`.`id` ASC LIMIT 1[0m
  â†³ C:/Ruby25-x64/lib/ruby/gems/2.5.0/gems/activerecord-5.2.2/lib/active_record/log_subscriber.rb:98
  Rendering users/index.html.erb within layouts/application
  Rendered users/index.html.erb within layouts/application (0.6ms)
Completed 200 OK in 313ms (Views: 267.9ms | ActiveRecord: 0.7ms)


Started GET "/users/index" for 127.0.0.1 at 2018-12-05 23:29:43 +0900
Processing by UsersController#index as HTML
  [1m[36mUser Load (0.6ms)[0m  [1m[34mSELECT  `users`.* FROM `users` WHERE `users`.`id` = 1 ORDER BY `users`.`id` ASC LIMIT 1[0m
  â†³ C:/Ruby25-x64/lib/ruby/gems/2.5.0/gems/activerecord-5.2.2/lib/active_record/log_subscriber.rb:98
  Rendering users/index.html.erb within layouts/application
  Rendered users/index.html.erb within layouts/application (0.6ms)
Completed 200 OK in 201ms (Views: 155.6ms | ActiveRecord: 0.6ms)


Started GET "/users/index" for 127.0.0.1 at 2018-12-05 23:31:41 +0900
Processing by UsersController#index as HTML
  [1m[36mUser Load (0.6ms)[0m  [1m[34mSELECT  `users`.* FROM `users` WHERE `users`.`id` = 1 ORDER BY `users`.`id` ASC LIMIT 1[0m
  â†³ C:/Ruby25-x64/lib/ruby/gems/2.5.0/gems/activerecord-5.2.2/lib/active_record/log_subscriber.rb:98
  Rendering users/index.html.erb within layouts/application
  Rendered users/index.html.erb within layouts/application (0.5ms)
Completed 200 OK in 223ms (Views: 177.1ms | ActiveRecord: 0.6ms)


Started GET "/users/index" for 127.0.0.1 at 2018-12-05 23:32:07 +0900
Processing by UsersController#index as HTML
  [1m[36mUser Load (0.6ms)[0m  [1m[34mSELECT  `users`.* FROM `users` WHERE `users`.`id` = 1 ORDER BY `users`.`id` ASC LIMIT 1[0m
  â†³ C:/Ruby25-x64/lib/ruby/gems/2.5.0/gems/activerecord-5.2.2/lib/active_record/log_subscriber.rb:98
  Rendering users/index.html.erb within layouts/application
  Rendered users/index.html.erb within layouts/application (0.5ms)
Completed 200 OK in 200ms (Views: 156.0ms | ActiveRecord: 0.6ms)


Started GET "/users/index" for 127.0.0.1 at 2018-12-05 23:32:39 +0900
Processing by UsersController#index as HTML
  [1m[36mUser Load (0.6ms)[0m  [1m[34mSELECT  `users`.* FROM `users` WHERE `users`.`id` = 1 ORDER BY `users`.`id` ASC LIMIT 1[0m
  â†³ C:/Ruby25-x64/lib/ruby/gems/2.5.0/gems/activerecord-5.2.2/lib/active_record/log_subscriber.rb:98
  Rendering users/index.html.erb within layouts/application
  Rendered users/index.html.erb within layouts/application (0.5ms)
Completed 200 OK in 199ms (Views: 155.3ms | ActiveRecord: 0.6ms)


Started GET "/users/index" for 127.0.0.1 at 2018-12-05 23:34:29 +0900
Processing by UsersController#index as HTML
  [1m[36mUser Load (0.7ms)[0m  [1m[34mSELECT  `users`.* FROM `users` WHERE `users`.`id` = 1 ORDER BY `users`.`id` ASC LIMIT 1[0m
  â†³ C:/Ruby25-x64/lib/ruby/gems/2.5.0/gems/activerecord-5.2.2/lib/active_record/log_subscriber.rb:98
  Rendering users/index.html.erb within layouts/application
  Rendered users/index.html.erb within layouts/application (0.6ms)
Completed 200 OK in 287ms (Views: 240.6ms | ActiveRecord: 0.7ms)


Started GET "/users/index" for 127.0.0.1 at 2018-12-05 23:34:39 +0900
Processing by UsersController#index as HTML
  [1m[36mUser Load (0.5ms)[0m  [1m[34mSELECT  `users`.* FROM `users` WHERE `users`.`id` = 1 ORDER BY `users`.`id` ASC LIMIT 1[0m
  â†³ C:/Ruby25-x64/lib/ruby/gems/2.5.0/gems/activerecord-5.2.2/lib/active_record/log_subscriber.rb:98
  Rendering users/index.html.erb within layouts/application
  Rendered users/index.html.erb within layouts/application (0.5ms)
Completed 200 OK in 306ms (Views: 260.9ms | ActiveRecord: 0.5ms)


Started GET "/users/index" for 127.0.0.1 at 2018-12-05 23:35:02 +0900
Processing by UsersController#index as HTML
  [1m[36mUser Load (0.5ms)[0m  [1m[34mSELECT  `users`.* FROM `users` WHERE `users`.`id` = 1 ORDER BY `users`.`id` ASC LIMIT 1[0m
  â†³ C:/Ruby25-x64/lib/ruby/gems/2.5.0/gems/activerecord-5.2.2/lib/active_record/log_subscriber.rb:98
  Rendering users/index.html.erb within layouts/application
  Rendered users/index.html.erb within layouts/application (0.5ms)
Completed 200 OK in 304ms (Views: 258.6ms | ActiveRecord: 0.5ms)


Started GET "/users/index" for 127.0.0.1 at 2018-12-05 23:35:27 +0900
Processing by UsersController#index as HTML
  [1m[36mUser Load (0.5ms)[0m  [1m[34mSELECT  `users`.* FROM `users` WHERE `users`.`id` = 1 ORDER BY `users`.`id` ASC LIMIT 1[0m
  â†³ C:/Ruby25-x64/lib/ruby/gems/2.5.0/gems/activerecord-5.2.2/lib/active_record/log_subscriber.rb:98
  Rendering users/index.html.erb within layouts/application
  Rendered users/index.html.erb within layouts/application (0.5ms)
Completed 200 OK in 280ms (Views: 236.3ms | ActiveRecord: 0.5ms)


Started GET "/users/index" for 127.0.0.1 at 2018-12-05 23:35:38 +0900
Processing by UsersController#index as HTML
  [1m[36mUser Load (0.8ms)[0m  [1m[34mSELECT  `users`.* FROM `users` WHERE `users`.`id` = 1 ORDER BY `users`.`id` ASC LIMIT 1[0m
  â†³ C:/Ruby25-x64/lib/ruby/gems/2.5.0/gems/activerecord-5.2.2/lib/active_record/log_subscriber.rb:98
  Rendering users/index.html.erb within layouts/application
  Rendered users/index.html.erb within layouts/application (1.5ms)
Completed 200 OK in 400ms (Views: 356.5ms | ActiveRecord: 0.8ms)


Started GET "/users/index" for 127.0.0.1 at 2018-12-05 23:35:42 +0900
Processing by UsersController#index as HTML
  [1m[36mUser Load (0.5ms)[0m  [1m[34mSELECT  `users`.* FROM `users` WHERE `users`.`id` = 1 ORDER BY `users`.`id` ASC LIMIT 1[0m
  â†³ C:/Ruby25-x64/lib/ruby/gems/2.5.0/gems/activerecord-5.2.2/lib/active_record/log_subscriber.rb:98
  Rendering users/index.html.erb within layouts/application
  Rendered users/index.html.erb within layouts/application (1.7ms)
Completed 200 OK in 209ms (Views: 166.4ms | ActiveRecord: 0.5ms)


Started GET "/users/index" for 127.0.0.1 at 2018-12-05 23:36:49 +0900
Processing by UsersController#index as HTML
  [1m[36mUser Load (0.6ms)[0m  [1m[34mSELECT  `users`.* FROM `users` WHERE `users`.`id` = 1 ORDER BY `users`.`id` ASC LIMIT 1[0m
  â†³ C:/Ruby25-x64/lib/ruby/gems/2.5.0/gems/activerecord-5.2.2/lib/active_record/log_subscriber.rb:98
  Rendering users/index.html.erb within layouts/application
  Rendered users/index.html.erb within layouts/application (0.7ms)
Completed 200 OK in 293ms (Views: 245.8ms | ActiveRecord: 0.6ms)


Started GET "/users/index" for 127.0.0.1 at 2018-12-05 23:38:13 +0900
Processing by UsersController#index as HTML
  [1m[36mUser Load (0.6ms)[0m  [1m[34mSELECT  `users`.* FROM `users` WHERE `users`.`id` = 1 ORDER BY `users`.`id` ASC LIMIT 1[0m
  â†³ C:/Ruby25-x64/lib/ruby/gems/2.5.0/gems/activerecord-5.2.2/lib/active_record/log_subscriber.rb:98
  Rendering users/index.html.erb within layouts/application
  Rendered users/index.html.erb within layouts/application (0.5ms)
Completed 200 OK in 309ms (Views: 261.4ms | ActiveRecord: 0.6ms)


Started GET "/users/index" for 127.0.0.1 at 2018-12-05 23:38:26 +0900
Processing by UsersController#index as HTML
  [1m[36mUser Load (0.5ms)[0m  [1m[34mSELECT  `users`.* FROM `users` WHERE `users`.`id` = 1 ORDER BY `users`.`id` ASC LIMIT 1[0m
  â†³ C:/Ruby25-x64/lib/ruby/gems/2.5.0/gems/activerecord-5.2.2/lib/active_record/log_subscriber.rb:98
  Rendering users/index.html.erb within layouts/application
  Rendered users/index.html.erb within layouts/application (1.0ms)
Completed 200 OK in 299ms (Views: 254.7ms | ActiveRecord: 0.5ms)


Started GET "/users/index" for 127.0.0.1 at 2018-12-05 23:38:38 +0900
Processing by UsersController#index as HTML
  [1m[36mUser Load (0.6ms)[0m  [1m[34mSELECT  `users`.* FROM `users` WHERE `users`.`id` = 1 ORDER BY `users`.`id` ASC LIMIT 1[0m
  â†³ C:/Ruby25-x64/lib/ruby/gems/2.5.0/gems/activerecord-5.2.2/lib/active_record/log_subscriber.rb:98
  Rendering users/index.html.erb within layouts/application
  Rendered users/index.html.erb within layouts/application (0.6ms)
Completed 200 OK in 280ms (Views: 234.9ms | ActiveRecord: 0.6ms)


Started GET "/users/index" for 127.0.0.1 at 2018-12-05 23:38:50 +0900
Processing by UsersController#index as HTML
  [1m[36mUser Load (0.5ms)[0m  [1m[34mSELECT  `users`.* FROM `users` WHERE `users`.`id` = 1 ORDER BY `users`.`id` ASC LIMIT 1[0m
  â†³ C:/Ruby25-x64/lib/ruby/gems/2.5.0/gems/activerecord-5.2.2/lib/active_record/log_subscriber.rb:98
  Rendering users/index.html.erb within layouts/application
  Rendered users/index.html.erb within layouts/application (0.5ms)
Completed 200 OK in 284ms (Views: 240.6ms | ActiveRecord: 0.5ms)


Started GET "/users/index" for 127.0.0.1 at 2018-12-05 23:38:59 +0900
Processing by UsersController#index as HTML
  [1m[36mUser Load (0.5ms)[0m  [1m[34mSELECT  `users`.* FROM `users` WHERE `users`.`id` = 1 ORDER BY `users`.`id` ASC LIMIT 1[0m
  â†³ C:/Ruby25-x64/lib/ruby/gems/2.5.0/gems/activerecord-5.2.2/lib/active_record/log_subscriber.rb:98
  Rendering users/index.html.erb within layouts/application
  Rendered users/index.html.erb within layouts/application (0.7ms)
Completed 200 OK in 215ms (Views: 163.1ms | ActiveRecord: 0.5ms)


Started GET "/users/index" for 127.0.0.1 at 2018-12-05 23:40:00 +0900
Processing by UsersController#index as HTML
  [1m[36mUser Load (0.5ms)[0m  [1m[34mSELECT  `users`.* FROM `users` WHERE `users`.`id` = 1 ORDER BY `users`.`id` ASC LIMIT 1[0m
  â†³ C:/Ruby25-x64/lib/ruby/gems/2.5.0/gems/activerecord-5.2.2/lib/active_record/log_subscriber.rb:98
  Rendering users/index.html.erb within layouts/application
  Rendered users/index.html.erb within layouts/application (0.5ms)
Completed 200 OK in 204ms (Views: 158.5ms | ActiveRecord: 0.5ms)


Started GET "/users/index" for 127.0.0.1 at 2018-12-05 23:41:35 +0900
Processing by UsersController#index as HTML
  [1m[36mUser Load (0.6ms)[0m  [1m[34mSELECT  `users`.* FROM `users` WHERE `users`.`id` = 1 ORDER BY `users`.`id` ASC LIMIT 1[0m
  â†³ C:/Ruby25-x64/lib/ruby/gems/2.5.0/gems/activerecord-5.2.2/lib/active_record/log_subscriber.rb:98
  Rendering users/index.html.erb within layouts/application
  Rendered users/index.html.erb within layouts/application (0.9ms)
Completed 200 OK in 222ms (Views: 176.3ms | ActiveRecord: 0.6ms)


Started GET "/users/index" for 127.0.0.1 at 2018-12-05 23:46:45 +0900
Processing by UsersController#index as HTML
  [1m[36mUser Load (2.6ms)[0m  [1m[34mSELECT  `users`.* FROM `users` WHERE `users`.`id` = 1 ORDER BY `users`.`id` ASC LIMIT 1[0m
  â†³ C:/Ruby25-x64/lib/ruby/gems/2.5.0/gems/activerecord-5.2.2/lib/active_record/log_subscriber.rb:98
  Rendering users/index.html.erb within layouts/application
  Rendered users/index.html.erb within layouts/application (0.6ms)
Completed 200 OK in 296ms (Views: 249.2ms | ActiveRecord: 2.6ms)


Started GET "/users/index" for 127.0.0.1 at 2018-12-05 23:46:51 +0900
Processing by UsersController#index as HTML
  [1m[36mUser Load (0.5ms)[0m  [1m[34mSELECT  `users`.* FROM `users` WHERE `users`.`id` = 1 ORDER BY `users`.`id` ASC LIMIT 1[0m
  â†³ C:/Ruby25-x64/lib/ruby/gems/2.5.0/gems/activerecord-5.2.2/lib/active_record/log_subscriber.rb:98
  Rendering users/index.html.erb within layouts/application
  Rendered users/index.html.erb within layouts/application (1.6ms)
Completed 200 OK in 206ms (Views: 161.0ms | ActiveRecord: 0.5ms)


Started GET "/users/index" for 127.0.0.1 at 2018-12-05 23:49:05 +0900
Processing by UsersController#index as HTML
  [1m[36mUser Load (0.7ms)[0m  [1m[34mSELECT  `users`.* FROM `users` WHERE `users`.`id` = 1 ORDER BY `users`.`id` ASC LIMIT 1[0m
  â†³ C:/Ruby25-x64/lib/ruby/gems/2.5.0/gems/activerecord-5.2.2/lib/active_record/log_subscriber.rb:98
  Rendering users/index.html.erb within layouts/application
  Rendered users/index.html.erb within layouts/application (0.6ms)
Completed 200 OK in 289ms (Views: 243.7ms | ActiveRecord: 0.7ms)


Started GET "/users/index" for 127.0.0.1 at 2018-12-05 23:49:22 +0900
Processing by UsersController#index as HTML
  [1m[36mUser Load (0.6ms)[0m  [1m[34mSELECT  `users`.* FROM `users` WHERE `users`.`id` = 1 ORDER BY `users`.`id` ASC LIMIT 1[0m
  â†³ C:/Ruby25-x64/lib/ruby/gems/2.5.0/gems/activerecord-5.2.2/lib/active_record/log_subscriber.rb:98
  Rendering users/index.html.erb within layouts/application
  Rendered users/index.html.erb within layouts/application (0.5ms)
Completed 200 OK in 282ms (Views: 238.3ms | ActiveRecord: 0.6ms)


Started GET "/users/index" for 127.0.0.1 at 2018-12-05 23:49:53 +0900
Processing by UsersController#index as HTML
  [1m[36mUser Load (0.7ms)[0m  [1m[34mSELECT  `users`.* FROM `users` WHERE `users`.`id` = 1 ORDER BY `users`.`id` ASC LIMIT 1[0m
  â†³ C:/Ruby25-x64/lib/ruby/gems/2.5.0/gems/activerecord-5.2.2/lib/active_record/log_subscriber.rb:98
  Rendering users/index.html.erb within layouts/application
  Rendered users/index.html.erb within layouts/application (0.5ms)
Completed 200 OK in 282ms (Views: 236.9ms | ActiveRecord: 0.7ms)


Started GET "/users/index" for 127.0.0.1 at 2018-12-05 23:50:20 +0900
Processing by UsersController#index as HTML
  [1m[36mUser Load (0.5ms)[0m  [1m[34mSELECT  `users`.* FROM `users` WHERE `users`.`id` = 1 ORDER BY `users`.`id` ASC LIMIT 1[0m
  â†³ C:/Ruby25-x64/lib/ruby/gems/2.5.0/gems/activerecord-5.2.2/lib/active_record/log_subscriber.rb:98
  Rendering users/index.html.erb within layouts/application
  Rendered users/index.html.erb within layouts/application (0.5ms)
Completed 200 OK in 308ms (Views: 264.4ms | ActiveRecord: 0.5ms)


Started GET "/users/index" for 127.0.0.1 at 2018-12-05 23:51:13 +0900
Processing by UsersController#index as HTML
  [1m[36mUser Load (0.6ms)[0m  [1m[34mSELECT  `users`.* FROM `users` WHERE `users`.`id` = 1 ORDER BY `users`.`id` ASC LIMIT 1[0m
  â†³ C:/Ruby25-x64/lib/ruby/gems/2.5.0/gems/activerecord-5.2.2/lib/active_record/log_subscriber.rb:98
  Rendering users/index.html.erb within layouts/application
  Rendered users/index.html.erb within layouts/application (0.5ms)
Completed 200 OK in 262ms (Views: 213.2ms | ActiveRecord: 0.6ms)


Started GET "/users/index" for 127.0.0.1 at 2018-12-05 23:51:44 +0900
Processing by UsersController#index as HTML
  [1m[36mUser Load (1.1ms)[0m  [1m[34mSELECT  `users`.* FROM `users` WHERE `users`.`id` = 1 ORDER BY `users`.`id` ASC LIMIT 1[0m
  â†³ C:/Ruby25-x64/lib/ruby/gems/2.5.0/gems/activerecord-5.2.2/lib/active_record/log_subscriber.rb:98
  Rendering users/index.html.erb within layouts/application
  Rendered users/index.html.erb within layouts/application (0.6ms)
Completed 200 OK in 199ms (Views: 154.2ms | ActiveRecord: 1.1ms)


Started GET "/users/index" for 127.0.0.1 at 2018-12-05 23:52:27 +0900
Processing by UsersController#index as HTML
  [1m[36mUser Load (0.5ms)[0m  [1m[34mSELECT  `users`.* FROM `users` WHERE `users`.`id` = 1 ORDER BY `users`.`id` ASC LIMIT 1[0m
  â†³ C:/Ruby25-x64/lib/ruby/gems/2.5.0/gems/activerecord-5.2.2/lib/active_record/log_subscriber.rb:98
  Rendering users/index.html.erb within layouts/application
  Rendered users/index.html.erb within layouts/application (0.5ms)
Completed 200 OK in 382ms (Views: 336.0ms | ActiveRecord: 0.5ms)


Started GET "/users/index" for 127.0.0.1 at 2018-12-05 23:52:32 +0900
Processing by UsersController#index as HTML
  [1m[36mUser Load (0.5ms)[0m  [1m[34mSELECT  `users`.* FROM `users` WHERE `users`.`id` = 1 ORDER BY `users`.`id` ASC LIMIT 1[0m
  â†³ C:/Ruby25-x64/lib/ruby/gems/2.5.0/gems/activerecord-5.2.2/lib/active_record/log_subscriber.rb:98
  Rendering users/index.html.erb within layouts/application
  Rendered users/index.html.erb within layouts/application (0.5ms)
Completed 200 OK in 202ms (Views: 156.9ms | ActiveRecord: 0.5ms)


Started GET "/users/index" for 127.0.0.1 at 2018-12-05 23:53:03 +0900
Processing by UsersController#index as HTML
  [1m[36mUser Load (0.6ms)[0m  [1m[34mSELECT  `users`.* FROM `users` WHERE `users`.`id` = 1 ORDER BY `users`.`id` ASC LIMIT 1[0m
  â†³ C:/Ruby25-x64/lib/ruby/gems/2.5.0/gems/activerecord-5.2.2/lib/active_record/log_subscriber.rb:98
  Rendering users/index.html.erb within layouts/application
  Rendered users/index.html.erb within layouts/application (0.5ms)
Completed 200 OK in 345ms (Views: 293.8ms | ActiveRecord: 0.6ms)


Started GET "/users/index" for 127.0.0.1 at 2018-12-05 23:54:44 +0900
Processing by UsersController#index as HTML
  [1m[36mUser Load (0.6ms)[0m  [1m[34mSELECT  `users`.* FROM `users` WHERE `users`.`id` = 1 ORDER BY `users`.`id` ASC LIMIT 1[0m
  â†³ C:/Ruby25-x64/lib/ruby/gems/2.5.0/gems/activerecord-5.2.2/lib/active_record/log_subscriber.rb:98
  Rendering users/index.html.erb within layouts/application
  Rendered users/index.html.erb within layouts/application (0.8ms)
Completed 200 OK in 206ms (Views: 160.1ms | ActiveRecord: 0.6ms)


Started GET "/users/index" for 127.0.0.1 at 2018-12-05 23:56:23 +0900
Processing by UsersController#index as HTML
  [1m[36mUser Load (0.7ms)[0m  [1m[34mSELECT  `users`.* FROM `users` WHERE `users`.`id` = 1 ORDER BY `users`.`id` ASC LIMIT 1[0m
  â†³ C:/Ruby25-x64/lib/ruby/gems/2.5.0/gems/activerecord-5.2.2/lib/active_record/log_subscriber.rb:98
  Rendering users/index.html.erb within layouts/application
  Rendered users/index.html.erb within layouts/application (0.7ms)
Completed 200 OK in 202ms (Views: 156.9ms | ActiveRecord: 0.7ms)


Started GET "/users/index" for 127.0.0.1 at 2018-12-05 23:57:19 +0900
Processing by UsersController#index as HTML
  [1m[36mUser Load (0.8ms)[0m  [1m[34mSELECT  `users`.* FROM `users` WHERE `users`.`id` = 1 ORDER BY `users`.`id` ASC LIMIT 1[0m
  â†³ C:/Ruby25-x64/lib/ruby/gems/2.5.0/gems/activerecord-5.2.2/lib/active_record/log_subscriber.rb:98
  Rendering users/index.html.erb within layouts/application
  Rendered users/index.html.erb within layouts/application (2.6ms)
Completed 200 OK in 219ms (Views: 173.3ms | ActiveRecord: 0.8ms)


Started GET "/users/index" for 127.0.0.1 at 2018-12-05 23:58:08 +0900
Processing by UsersController#index as HTML
  [1m[36mUser Load (0.6ms)[0m  [1m[34mSELECT  `users`.* FROM `users` WHERE `users`.`id` = 1 ORDER BY `users`.`id` ASC LIMIT 1[0m
  â†³ C:/Ruby25-x64/lib/ruby/gems/2.5.0/gems/activerecord-5.2.2/lib/active_record/log_subscriber.rb:98
  Rendering users/index.html.erb within layouts/application
  Rendered users/index.html.erb within layouts/application (0.5ms)
Completed 200 OK in 216ms (Views: 168.2ms | ActiveRecord: 0.6ms)


Started GET "/users/index" for 127.0.0.1 at 2018-12-05 23:58:43 +0900
Processing by UsersController#index as HTML
  [1m[36mUser Load (0.6ms)[0m  [1m[34mSELECT  `users`.* FROM `users` WHERE `users`.`id` = 1 ORDER BY `users`.`id` ASC LIMIT 1[0m
  â†³ C:/Ruby25-x64/lib/ruby/gems/2.5.0/gems/activerecord-5.2.2/lib/active_record/log_subscriber.rb:98
  Rendering users/index.html.erb within layouts/application
  Rendered users/index.html.erb within layouts/application (0.6ms)
Completed 200 OK in 208ms (Views: 164.1ms | ActiveRecord: 0.6ms)


Started GET "/users/index" for 127.0.0.1 at 2018-12-05 23:58:56 +0900
Processing by UsersController#index as HTML
  [1m[36mUser Load (0.5ms)[0m  [1m[34mSELECT  `users`.* FROM `users` WHERE `users`.`id` = 1 ORDER BY `users`.`id` ASC LIMIT 1[0m
  â†³ C:/Ruby25-x64/lib/ruby/gems/2.5.0/gems/activerecord-5.2.2/lib/active_record/log_subscriber.rb:98
  Rendering users/index.html.erb within layouts/application
  Rendered users/index.html.erb within layouts/application (0.7ms)
Completed 200 OK in 211ms (Views: 168.4ms | ActiveRecord: 0.5ms)


Started GET "/users/index" for 127.0.0.1 at 2018-12-05 23:59:06 +0900
Processing by UsersController#index as HTML
  [1m[36mUser Load (0.5ms)[0m  [1m[34mSELECT  `users`.* FROM `users` WHERE `users`.`id` = 1 ORDER BY `users`.`id` ASC LIMIT 1[0m
  â†³ C:/Ruby25-x64/lib/ruby/gems/2.5.0/gems/activerecord-5.2.2/lib/active_record/log_subscriber.rb:98
  Rendering users/index.html.erb within layouts/application
  Rendered users/index.html.erb within layouts/application (0.5ms)
Completed 200 OK in 314ms (Views: 267.3ms | ActiveRecord: 0.5ms)


Started GET "/users/index" for 127.0.0.1 at 2018-12-06 00:12:07 +0900
  [1m[35m (1.1ms)[0m  [1m[35mSET NAMES utf8,  @@SESSION.sql_mode = CONCAT(CONCAT(@@sql_mode, ',STRICT_ALL_TABLES'), ',NO_AUTO_VALUE_ON_ZERO'),  @@SESSION.sql_auto_is_null = 0, @@SESSION.wait_timeout = 2147483[0m
  â†³ C:/Ruby25-x64/lib/ruby/gems/2.5.0/gems/activerecord-5.2.2/lib/active_record/log_subscriber.rb:98
Processing by UsersController#index as HTML
  [1m[36mUser Load (0.9ms)[0m  [1m[34mSELECT  `users`.* FROM `users` WHERE `users`.`id` = 1 ORDER BY `users`.`id` ASC LIMIT 1[0m
  â†³ C:/Ruby25-x64/lib/ruby/gems/2.5.0/gems/activerecord-5.2.2/lib/active_record/log_subscriber.rb:98
  Rendering users/index.html.erb within layouts/application
  Rendered users/index.html.erb within layouts/application (0.7ms)
Completed 200 OK in 348ms (Views: 264.0ms | ActiveRecord: 30.6ms)


Started GET "/users/index" for 127.0.0.1 at 2018-12-06 00:14:33 +0900
Processing by UsersController#index as HTML
  [1m[36mUser Load (0.7ms)[0m  [1m[34mSELECT  `users`.* FROM `users` WHERE `users`.`id` = 1 ORDER BY `users`.`id` ASC LIMIT 1[0m
  â†³ C:/Ruby25-x64/lib/ruby/gems/2.5.0/gems/activerecord-5.2.2/lib/active_record/log_subscriber.rb:98
  Rendering users/index.html.erb within layouts/application
  Rendered users/index.html.erb within layouts/application (0.6ms)
Completed 200 OK in 309ms (Views: 263.5ms | ActiveRecord: 0.7ms)


Started GET "/users/index" for 127.0.0.1 at 2018-12-06 00:14:52 +0900
Processing by UsersController#index as HTML
  [1m[36mUser Load (0.6ms)[0m  [1m[34mSELECT  `users`.* FROM `users` WHERE `users`.`id` = 1 ORDER BY `users`.`id` ASC LIMIT 1[0m
  â†³ C:/Ruby25-x64/lib/ruby/gems/2.5.0/gems/activerecord-5.2.2/lib/active_record/log_subscriber.rb:98
  Rendering users/index.html.erb within layouts/application
  Rendered users/index.html.erb within layouts/application (0.6ms)
Completed 200 OK in 223ms (Views: 178.5ms | ActiveRecord: 0.6ms)


Started GET "/users/index" for 127.0.0.1 at 2018-12-06 00:14:56 +0900
Processing by UsersController#index as HTML
  [1m[36mUser Load (0.5ms)[0m  [1m[34mSELECT  `users`.* FROM `users` WHERE `users`.`id` = 1 ORDER BY `users`.`id` ASC LIMIT 1[0m
  â†³ C:/Ruby25-x64/lib/ruby/gems/2.5.0/gems/activerecord-5.2.2/lib/active_record/log_subscriber.rb:98
  Rendering users/index.html.erb within layouts/application
  Rendered users/index.html.erb within layouts/application (0.5ms)
Completed 200 OK in 200ms (Views: 159.3ms | ActiveRecord: 0.5ms)


Started GET "/users/index" for 127.0.0.1 at 2018-12-06 00:14:57 +0900
Processing by UsersController#index as HTML
  [1m[36mUser Load (0.5ms)[0m  [1m[34mSELECT  `users`.* FROM `users` WHERE `users`.`id` = 1 ORDER BY `users`.`id` ASC LIMIT 1[0m
  â†³ C:/Ruby25-x64/lib/ruby/gems/2.5.0/gems/activerecord-5.2.2/lib/active_record/log_subscriber.rb:98
  Rendering users/index.html.erb within layouts/application
  Rendered users/index.html.erb within layouts/application (0.6ms)
Completed 200 OK in 220ms (Views: 175.0ms | ActiveRecord: 0.5ms)


Started GET "/users/index" for 127.0.0.1 at 2018-12-06 00:15:04 +0900
Processing by UsersController#index as HTML
  [1m[36mUser Load (0.6ms)[0m  [1m[34mSELECT  `users`.* FROM `users` WHERE `users`.`id` = 1 ORDER BY `users`.`id` ASC LIMIT 1[0m
  â†³ C:/Ruby25-x64/lib/ruby/gems/2.5.0/gems/activerecord-5.2.2/lib/active_record/log_subscriber.rb:98
  Rendering users/index.html.erb within layouts/application
  Rendered users/index.html.erb within layouts/application (0.6ms)
Completed 200 OK in 222ms (Views: 175.4ms | ActiveRecord: 0.6ms)


Started GET "/users/index" for 127.0.0.1 at 2018-12-06 00:19:17 +0900
Processing by UsersController#index as HTML
  [1m[36mUser Load (0.7ms)[0m  [1m[34mSELECT  `users`.* FROM `users` WHERE `users`.`id` = 1 ORDER BY `users`.`id` ASC LIMIT 1[0m
  â†³ C:/Ruby25-x64/lib/ruby/gems/2.5.0/gems/activerecord-5.2.2/lib/active_record/log_subscriber.rb:98
  Rendering users/index.html.erb within layouts/application
  Rendered users/index.html.erb within layouts/application (3.9ms)
Completed 200 OK in 222ms (Views: 166.2ms | ActiveRecord: 0.7ms)


Started GET "/users/index" for 127.0.0.1 at 2018-12-06 00:21:45 +0900
Processing by UsersController#index as HTML
  [1m[36mUser Load (0.7ms)[0m  [1m[34mSELECT  `users`.* FROM `users` WHERE `users`.`id` = 1 ORDER BY `users`.`id` ASC LIMIT 1[0m
  â†³ C:/Ruby25-x64/lib/ruby/gems/2.5.0/gems/activerecord-5.2.2/lib/active_record/log_subscriber.rb:98
  Rendering users/index.html.erb within layouts/application
  Rendered users/index.html.erb within layouts/application (1.1ms)
Completed 200 OK in 227ms (Views: 180.2ms | ActiveRecord: 0.7ms)


Started GET "/users/index" for 127.0.0.1 at 2018-12-06 00:22:19 +0900
Processing by UsersController#index as HTML
  [1m[36mUser Load (0.7ms)[0m  [1m[34mSELECT  `users`.* FROM `users` WHERE `users`.`id` = 1 ORDER BY `users`.`id` ASC LIMIT 1[0m
  â†³ C:/Ruby25-x64/lib/ruby/gems/2.5.0/gems/activerecord-5.2.2/lib/active_record/log_subscriber.rb:98
  Rendering users/index.html.erb within layouts/application
  Rendered users/index.html.erb within layouts/application (1.2ms)
Completed 200 OK in 223ms (Views: 175.2ms | ActiveRecord: 0.7ms)


Started GET "/users/index" for 127.0.0.1 at 2018-12-06 00:22:42 +0900
Processing by UsersController#index as HTML
  [1m[36mUser Load (0.5ms)[0m  [1m[34mSELECT  `users`.* FROM `users` WHERE `users`.`id` = 1 ORDER BY `users`.`id` ASC LIMIT 1[0m
  â†³ C:/Ruby25-x64/lib/ruby/gems/2.5.0/gems/activerecord-5.2.2/lib/active_record/log_subscriber.rb:98
  Rendering users/index.html.erb within layouts/application
  Rendered users/index.html.erb within layouts/application (0.9ms)
Completed 200 OK in 200ms (Views: 154.9ms | ActiveRecord: 0.5ms)


Started GET "/users/index" for 127.0.0.1 at 2018-12-06 00:23:33 +0900
Processing by UsersController#index as HTML
  [1m[36mUser Load (0.9ms)[0m  [1m[34mSELECT  `users`.* FROM `users` WHERE `users`.`id` = 1 ORDER BY `users`.`id` ASC LIMIT 1[0m
  â†³ C:/Ruby25-x64/lib/ruby/gems/2.5.0/gems/activerecord-5.2.2/lib/active_record/log_subscriber.rb:98
  Rendering users/index.html.erb within layouts/application
  Rendered users/index.html.erb within layouts/application (0.8ms)
Completed 200 OK in 221ms (Views: 172.9ms | ActiveRecord: 0.9ms)


Started DELETE "/users/sign_out" for 127.0.0.1 at 2018-12-06 00:23:35 +0900
Processing by Devise::SessionsController#destroy as HTML
  Parameters: {"authenticity_token"=>"+HtWJEHJvRmIbO8k1gD0Oa9bSfnkX32DS2HTh1X5mYaJn3kD1AWsVRuqeIbaaXC5t9qyQt4rvAeQygsYIVB1OQ=="}
  [1m[36mUser Load (1.3ms)[0m  [1m[34mSELECT  `users`.* FROM `users` WHERE `users`.`id` = 1 ORDER BY `users`.`id` ASC LIMIT 1[0m
  â†³ C:/Ruby25-x64/lib/ruby/gems/2.5.0/gems/activerecord-5.2.2/lib/active_record/log_subscriber.rb:98
  [1m[35m (3.6ms)[0m  [1m[35mBEGIN[0m
  â†³ C:/Ruby25-x64/lib/ruby/gems/2.5.0/gems/activerecord-5.2.2/lib/active_record/log_subscriber.rb:98
  [1m[35m (1.9ms)[0m  [1m[35mCOMMIT[0m
  â†³ C:/Ruby25-x64/lib/ruby/gems/2.5.0/gems/activerecord-5.2.2/lib/active_record/log_subscriber.rb:98
Redirected to http://localhost:3000/
Completed 302 Found in 571ms (ActiveRecord: 6.8ms)


Started GET "/" for 127.0.0.1 at 2018-12-06 00:23:36 +0900
Processing by Rails::WelcomeController#index as HTML
  Rendering C:/Ruby25-x64/lib/ruby/gems/2.5.0/gems/railties-5.2.2/lib/rails/templates/rails/welcome/index.html.erb
  Rendered C:/Ruby25-x64/lib/ruby/gems/2.5.0/gems/railties-5.2.2/lib/rails/templates/rails/welcome/index.html.erb (5.4ms)
Completed 200 OK in 216ms (Views: 82.7ms | ActiveRecord: 0.0ms)


Started GET "/users/index" for 127.0.0.1 at 2018-12-06 00:23:51 +0900
Processing by UsersController#index as HTML
Completed 401 Unauthorized in 2ms (ActiveRecord: 0.0ms)


Started GET "/users/sign_in" for 127.0.0.1 at 2018-12-06 00:23:51 +0900
Processing by Devise::SessionsController#new as HTML
  Rendering devise/sessions/new.html.erb within layouts/application
  Rendered devise/shared/_links.html.erb (2.4ms)
  Rendered devise/sessions/new.html.erb within layouts/application (79.6ms)
Completed 200 OK in 497ms (Views: 494.2ms | ActiveRecord: 0.0ms)


Started POST "/users/sign_in" for 127.0.0.1 at 2018-12-06 00:24:04 +0900
Processing by Devise::SessionsController#create as HTML
  Parameters: {"utf8"=>"âœ“", "authenticity_token"=>"irLOnqShX+CY9ANCmCYqz1y6kj+fGxCyPuk2MhNselQjBsctu/Nd+s20zSFWepAWEmha5sQVjrqwu7S+V7hBBA==", "user"=>{"email"=>"sample@mail", "password"=>"[FILTERED]", "remember_me"=>"0"}, "commit"=>"Log in"}
  [1m[36mUser Load (2.6ms)[0m  [1m[34mSELECT  `users`.* FROM `users` WHERE `users`.`email` = 'sample@mail' ORDER BY `users`.`id` ASC LIMIT 1[0m
  â†³ C:/Ruby25-x64/lib/ruby/gems/2.5.0/gems/activerecord-5.2.2/lib/active_record/log_subscriber.rb:98
Redirected to http://localhost:3000/users/index
Completed 302 Found in 627ms (ActiveRecord: 2.6ms)


Started GET "/users/index" for 127.0.0.1 at 2018-12-06 00:24:05 +0900
Processing by UsersController#index as HTML
  [1m[36mUser Load (0.5ms)[0m  [1m[34mSELECT  `users`.* FROM `users` WHERE `users`.`id` = 1 ORDER BY `users`.`id` ASC LIMIT 1[0m
  â†³ C:/Ruby25-x64/lib/ruby/gems/2.5.0/gems/activerecord-5.2.2/lib/active_record/log_subscriber.rb:98
  Rendering users/index.html.erb within layouts/application
  Rendered users/index.html.erb within layouts/application (0.9ms)
Completed 200 OK in 201ms (Views: 156.0ms | ActiveRecord: 0.5ms)


Started DELETE "/users/sign_out" for 127.0.0.1 at 2018-12-06 00:24:13 +0900
Processing by Devise::SessionsController#destroy as HTML
  Parameters: {"authenticity_token"=>"HaqhaZqGhDzFM6UGqd07X2blV3HcBO+jB+6UbUqjxo9bqnhpw8dLVBILvoVy3GR13XQ/yjT6PZKmOI5xPy9Skw=="}
  [1m[36mUser Load (0.5ms)[0m  [1m[34mSELECT  `users`.* FROM `users` WHERE `users`.`id` = 1 ORDER BY `users`.`id` ASC LIMIT 1[0m
  â†³ C:/Ruby25-x64/lib/ruby/gems/2.5.0/gems/activerecord-5.2.2/lib/active_record/log_subscriber.rb:98
  [1m[35m (0.2ms)[0m  [1m[35mBEGIN[0m
  â†³ C:/Ruby25-x64/lib/ruby/gems/2.5.0/gems/activerecord-5.2.2/lib/active_record/log_subscriber.rb:98
  [1m[35m (0.2ms)[0m  [1m[35mCOMMIT[0m
  â†³ C:/Ruby25-x64/lib/ruby/gems/2.5.0/gems/activerecord-5.2.2/lib/active_record/log_subscriber.rb:98
Redirected to http://localhost:3000/
Completed 302 Found in 10ms (ActiveRecord: 1.0ms)


Started GET "/" for 127.0.0.1 at 2018-12-06 00:24:14 +0900
Processing by Rails::WelcomeController#index as HTML
  Rendering C:/Ruby25-x64/lib/ruby/gems/2.5.0/gems/railties-5.2.2/lib/rails/templates/rails/welcome/index.html.erb
  Rendered C:/Ruby25-x64/lib/ruby/gems/2.5.0/gems/railties-5.2.2/lib/rails/templates/rails/welcome/index.html.erb (5.4ms)
Completed 200 OK in 163ms (Views: 83.7ms | ActiveRecord: 0.0ms)


  [1m[35m (0.8ms)[0m  [1m[35mSET NAMES utf8,  @@SESSION.sql_mode = CONCAT(CONCAT(@@sql_mode, ',STRICT_ALL_TABLES'), ',NO_AUTO_VALUE_ON_ZERO'),  @@SESSION.sql_auto_is_null = 0, @@SESSION.wait_timeout = 2147483[0m
  â†³ bin/rails:4
  [1m[35m (0.2ms)[0m  [1m[34mSELECT GET_LOCK('1753920595437928575', 0)[0m
  â†³ bin/rails:4
  [1m[35m (1.5ms)[0m  [1m[34mSELECT `schema_migrations`.`version` FROM `schema_migrations` ORDER BY `schema_migrations`.`version` ASC[0m
  â†³ bin/rails:4
Migrating to CreateMenus (20181205211450)
  [1m[35m (38.8ms)[0m  [1m[35mCREATE TABLE `menus` (`id` bigint NOT NULL AUTO_INCREMENT PRIMARY KEY, `menu_name` text, `url` text, `date` date, `check` int, `created_at` datetime NOT NULL, `updated_at` datetime NOT NULL)[0m
  â†³ db/migrate/20181205211450_create_menus.rb:3
  [1m[35m (0.2ms)[0m  [1m[35mBEGIN[0m
  â†³ bin/rails:4
  [1m[36mActiveRecord::SchemaMigration Create (0.7ms)[0m  [1m[32mINSERT INTO `schema_migrations` (`version`) VALUES ('20181205211450')[0m
  â†³ bin/rails:4
  [1m[35m (9.5ms)[0m  [1m[35mCOMMIT[0m
  â†³ bin/rails:4
  [1m[36mActiveRecord::InternalMetadata Load (2.5ms)[0m  [1m[34mSELECT  `ar_internal_metadata`.* FROM `ar_internal_metadata` WHERE `ar_internal_metadata`.`key` = 'environment' LIMIT 1[0m
  â†³ bin/rails:4
  [1m[35m (0.7ms)[0m  [1m[35mBEGIN[0m
  â†³ bin/rails:4
  [1m[35m (0.4ms)[0m  [1m[35mCOMMIT[0m
  â†³ bin/rails:4
  [1m[35m (0.4ms)[0m  [1m[34mSELECT RELEASE_LOCK('1753920595437928575')[0m
  â†³ bin/rails:4
  [1m[35m (0.4ms)[0m  [1m[34mSELECT `schema_migrations`.`version` FROM `schema_migrations` ORDER BY `schema_migrations`.`version` ASC[0m
  â†³ bin/rails:4
  [1m[35m (0.4ms)[0m  [1m[35mSET NAMES utf8,  @@SESSION.sql_mode = CONCAT(CONCAT(@@sql_mode, ',STRICT_ALL_TABLES'), ',NO_AUTO_VALUE_ON_ZERO'),  @@SESSION.sql_auto_is_null = 0, @@SESSION.wait_timeout = 2147483[0m
  â†³ bin/rails:4
  [1m[35m (0.5ms)[0m  [1m[34mSELECT `schema_migrations`.`version` FROM `schema_migrations` ORDER BY `schema_migrations`.`version` ASC[0m
  â†³ bin/rails:4
  [1m[35m (0.3ms)[0m  [1m[35mBEGIN[0m
  â†³ db/seeds.rb:8
  [1m[36mMenu Create (0.5ms)[0m  [1m[32mINSERT INTO `menus` (`menu_name`, `url`, `date`, `check`, `created_at`, `updated_at`) VALUES ('sample_menu_1', 'sample1@url', '2018-12-05', 0, '2018-12-05 21:35:40', '2018-12-05 21:35:40')[0m
  â†³ db/seeds.rb:8
  [1m[35m (7.1ms)[0m  [1m[35mCOMMIT[0m
  â†³ db/seeds.rb:8
  [1m[35m (0.2ms)[0m  [1m[35mBEGIN[0m
  â†³ db/seeds.rb:9
  [1m[36mMenu Create (0.8ms)[0m  [1m[32mINSERT INTO `menus` (`menu_name`, `url`, `date`, `check`, `created_at`, `updated_at`) VALUES ('ã‚µãƒ³ãƒ—ãƒ«ãƒ¡ãƒ‹ãƒ¥ãƒ¼ï¼’', 'sample1@url', '2018-12-12', 0, '2018-12-05 21:35:40', '2018-12-05 21:35:40')[0m
  â†³ db/seeds.rb:9
  [1m[35m (4.2ms)[0m  [1m[35mCOMMIT[0m
  â†³ db/seeds.rb:9
  [1m[35m (0.2ms)[0m  [1m[35mBEGIN[0m
  â†³ db/seeds.rb:10
  [1m[36mMenu Create (0.5ms)[0m  [1m[32mINSERT INTO `menus` (`menu_name`, `url`, `date`, `check`, `created_at`, `updated_at`) VALUES ('ã•ã‚“ã·ã‚‹ã‚ã«ã‚…ãƒ¼ï¼“', 'sample1@url', '2018-12-21', 0, '2018-12-05 21:35:40', '2018-12-05 21:35:40')[0m
  â†³ db/seeds.rb:10
  [1m[35m (2.7ms)[0m  [1m[35mCOMMIT[0m
  â†³ db/seeds.rb:10
Started GET "/users/index" for 127.0.0.1 at 2018-12-06 06:51:45 +0900
  [1m[35m (0.6ms)[0m  [1m[35mSET NAMES utf8,  @@SESSION.sql_mode = CONCAT(CONCAT(@@sql_mode, ',STRICT_ALL_TABLES'), ',NO_AUTO_VALUE_ON_ZERO'),  @@SESSION.sql_auto_is_null = 0, @@SESSION.wait_timeout = 2147483[0m
  â†³ C:/Ruby25-x64/lib/ruby/gems/2.5.0/gems/activerecord-5.2.2/lib/active_record/log_subscriber.rb:98
  [1m[35m (0.5ms)[0m  [1m[34mSELECT `schema_migrations`.`version` FROM `schema_migrations` ORDER BY `schema_migrations`.`version` ASC[0m
  â†³ C:/Ruby25-x64/lib/ruby/gems/2.5.0/gems/activerecord-5.2.2/lib/active_record/log_subscriber.rb:98
Processing by UsersController#index as HTML
Completed 401 Unauthorized in 45ms (ActiveRecord: 0.0ms)


Started GET "/users/sign_in" for 127.0.0.1 at 2018-12-06 06:51:46 +0900
Processing by Devise::SessionsController#new as HTML
  Rendering devise/sessions/new.html.erb within layouts/application
  Rendered devise/shared/_links.html.erb (8.8ms)
  Rendered devise/sessions/new.html.erb within layouts/application (466.1ms)
Completed 200 OK in 2624ms (Views: 2561.3ms | ActiveRecord: 21.3ms)


Started GET "/menus/search" for 127.0.0.1 at 2018-12-06 06:51:57 +0900
Processing by MenusController#search as HTML
  Rendering menus/search.html.erb within layouts/application
  [1m[36mMenu Load (0.5ms)[0m  [1m[34mSELECT `menus`.* FROM `menus`[0m
  â†³ app/views/menus/search.html.erb:5
  Rendered menus/search.html.erb within layouts/application (63.5ms)
Completed 200 OK in 453ms (Views: 368.2ms | ActiveRecord: 33.0ms)


Started GET "/menus/search" for 127.0.0.1 at 2018-12-06 06:53:14 +0900
Processing by MenusController#search as HTML
  Rendering menus/search.html.erb within layouts/application
  [1m[36mMenu Load (0.7ms)[0m  [1m[34mSELECT `menus`.* FROM `menus`[0m
  â†³ app/views/menus/search.html.erb:5
  Rendered menus/search.html.erb within layouts/application (6.1ms)
Completed 200 OK in 320ms (Views: 277.3ms | ActiveRecord: 0.7ms)


Started GET "/users/index" for 127.0.0.1 at 2018-12-07 05:39:26 +0900
  [1m[35m (1.9ms)[0m  [1m[35mSET NAMES utf8,  @@SESSION.sql_mode = CONCAT(CONCAT(@@sql_mode, ',STRICT_ALL_TABLES'), ',NO_AUTO_VALUE_ON_ZERO'),  @@SESSION.sql_auto_is_null = 0, @@SESSION.wait_timeout = 2147483[0m
  â†³ C:/Ruby25-x64/lib/ruby/gems/2.5.0/gems/activerecord-5.2.2/lib/active_record/log_subscriber.rb:98
  [1m[35m (1.1ms)[0m  [1m[34mSELECT `schema_migrations`.`version` FROM `schema_migrations` ORDER BY `schema_migrations`.`version` ASC[0m
  â†³ C:/Ruby25-x64/lib/ruby/gems/2.5.0/gems/activerecord-5.2.2/lib/active_record/log_subscriber.rb:98
Processing by UsersController#index as HTML
Completed 401 Unauthorized in 157ms (ActiveRecord: 0.0ms)


Started GET "/users/sign_in" for 127.0.0.1 at 2018-12-07 05:39:27 +0900
Processing by Devise::SessionsController#new as HTML
  Rendering devise/sessions/new.html.erb within layouts/application
  Rendered devise/shared/_links.html.erb (2.7ms)
  Rendered devise/sessions/new.html.erb within layouts/application (497.9ms)
Completed 200 OK in 3173ms (Views: 3110.1ms | ActiveRecord: 36.7ms)


Started POST "/users/sign_in" for 127.0.0.1 at 2018-12-07 05:39:54 +0900
Processing by Devise::SessionsController#create as HTML
  Parameters: {"utf8"=>"âœ“", "authenticity_token"=>"e1sRuNrhgmoX9VFRaruC4odnQAEt3+xlpUf+HbLgycbG2V/ej1o8DyFSCn79a2guM4i7vX4D7CiXin84MiVceQ==", "user"=>{"email"=>"sample@mail", "password"=>"[FILTERED]", "remember_me"=>"0"}, "commit"=>"Log in"}
  [1m[36mUser Load (1.5ms)[0m  [1m[34mSELECT  `users`.* FROM `users` WHERE `users`.`email` = 'sample@mail' ORDER BY `users`.`id` ASC LIMIT 1[0m
  â†³ C:/Ruby25-x64/lib/ruby/gems/2.5.0/gems/activerecord-5.2.2/lib/active_record/log_subscriber.rb:98
Redirected to http://localhost:3000/users/index
Completed 302 Found in 1285ms (ActiveRecord: 1.5ms)


Started GET "/users/index" for 127.0.0.1 at 2018-12-07 05:39:55 +0900
Processing by UsersController#index as HTML
  [1m[36mUser Load (0.5ms)[0m  [1m[34mSELECT  `users`.* FROM `users` WHERE `users`.`id` = 1 ORDER BY `users`.`id` ASC LIMIT 1[0m
  â†³ C:/Ruby25-x64/lib/ruby/gems/2.5.0/gems/activerecord-5.2.2/lib/active_record/log_subscriber.rb:98
  Rendering users/index.html.erb within layouts/application
  Rendered users/index.html.erb within layouts/application (483.8ms)
Completed 500 Internal Server Error in 616ms (ActiveRecord: 0.5ms)


  
ActionView::Template::Error (undefined local variable or method `users_path' for #<#<Class:0x000000000b996ca8>:0x000000000c13f888>
Did you mean?  users_index_path):
    3:       <ul>
    4:         <li><a href="">Home</a></li>
    5:         <li><a href="">Help</a></li>
    6:         <li><a><%= link_to "Logout", users_path, destroy_user_session_path, method: :delete %></a></li>
    7:       </ul>
    8:     </div>
  
app/views/users/index.html.erb:6:in `_app_views_users_index_html_erb__377658128_101294140'
Started GET "/users/index" for 127.0.0.1 at 2018-12-07 05:40:42 +0900
Processing by UsersController#index as HTML
  [1m[36mUser Load (0.7ms)[0m  [1m[34mSELECT  `users`.* FROM `users` WHERE `users`.`id` = 1 ORDER BY `users`.`id` ASC LIMIT 1[0m
  â†³ C:/Ruby25-x64/lib/ruby/gems/2.5.0/gems/activerecord-5.2.2/lib/active_record/log_subscriber.rb:98
  Rendering users/index.html.erb within layouts/application
  Rendered users/index.html.erb within layouts/application (44.6ms)
Completed 500 Internal Server Error in 178ms (ActiveRecord: 0.7ms)


  
ActionView::Template::Error (wrong number of arguments (given 4, expected 0..3)):
    3:       <ul>
    4:         <li><a href="">Home</a></li>
    5:         <li><a href="">Help</a></li>
    6:         <li><a><%= link_to "Logout", users_index_path, destroy_user_session_path, method: :delete %></a></li>
    7:       </ul>
    8:     </div>
  
app/views/users/index.html.erb:6:in `_app_views_users_index_html_erb__377658128_131299660'
Started GET "/users/index" for 127.0.0.1 at 2018-12-07 05:51:55 +0900
  [1m[35m (0.4ms)[0m  [1m[35mSET NAMES utf8,  @@SESSION.sql_mode = CONCAT(CONCAT(@@sql_mode, ',STRICT_ALL_TABLES'), ',NO_AUTO_VALUE_ON_ZERO'),  @@SESSION.sql_auto_is_null = 0, @@SESSION.wait_timeout = 2147483[0m
  â†³ C:/Ruby25-x64/lib/ruby/gems/2.5.0/gems/activerecord-5.2.2/lib/active_record/log_subscriber.rb:98
Processing by UsersController#index as HTML
  [1m[36mUser Load (0.5ms)[0m  [1m[34mSELECT  `users`.* FROM `users` WHERE `users`.`id` = 1 ORDER BY `users`.`id` ASC LIMIT 1[0m
  â†³ C:/Ruby25-x64/lib/ruby/gems/2.5.0/gems/activerecord-5.2.2/lib/active_record/log_subscriber.rb:98
  Rendering users/index.html.erb within layouts/application
  Rendered users/index.html.erb within layouts/application (1.1ms)
Completed 200 OK in 307ms (Views: 197.1ms | ActiveRecord: 39.4ms)


Started DELETE "/users/sign_out" for 127.0.0.1 at 2018-12-07 05:52:13 +0900
Processing by Devise::SessionsController#destroy as HTML
  Parameters: {"authenticity_token"=>"ak3AffbLYfTKbesXaXhpwhRvKpZVA0xEqa2TdoRG42H5tUVNWWMWUqxAWwEfCDRWlgMyPbzecouO0KPFBVyWeQ=="}
  [1m[36mUser Load (0.6ms)[0m  [1m[34mSELECT  `users`.* FROM `users` WHERE `users`.`id` = 1 ORDER BY `users`.`id` ASC LIMIT 1[0m
  â†³ C:/Ruby25-x64/lib/ruby/gems/2.5.0/gems/activerecord-5.2.2/lib/active_record/log_subscriber.rb:98
  [1m[35m (0.4ms)[0m  [1m[35mBEGIN[0m
  â†³ C:/Ruby25-x64/lib/ruby/gems/2.5.0/gems/activerecord-5.2.2/lib/active_record/log_subscriber.rb:98
  [1m[35m (0.4ms)[0m  [1m[35mCOMMIT[0m
  â†³ C:/Ruby25-x64/lib/ruby/gems/2.5.0/gems/activerecord-5.2.2/lib/active_record/log_subscriber.rb:98
Redirected to http://localhost:3000/users/index
Completed 302 Found in 136ms (ActiveRecord: 1.3ms)


Started GET "/users/index" for 127.0.0.1 at 2018-12-07 05:52:13 +0900
Processing by UsersController#index as HTML
Completed 401 Unauthorized in 2ms (ActiveRecord: 0.0ms)


Started GET "/users/sign_in" for 127.0.0.1 at 2018-12-07 05:52:13 +0900
Processing by Devise::SessionsController#new as HTML
  Rendering devise/sessions/new.html.erb within layouts/application
  Rendered devise/shared/_links.html.erb (2.1ms)
  Rendered devise/sessions/new.html.erb within layouts/application (57.1ms)
Completed 200 OK in 458ms (Views: 456.6ms | ActiveRecord: 0.0ms)


Started POST "/users/sign_in" for 127.0.0.1 at 2018-12-07 05:52:19 +0900
Processing by Devise::SessionsController#create as HTML
  Parameters: {"utf8"=>"âœ“", "authenticity_token"=>"hu6RijsGcSM8fUc4rVjNY2gNBON6iQvJCV5adGBlxRnrc/BBLsvT7Swh2H4xkeX2/PeUMpjK74egLMeDR3WcKA==", "user"=>{"email"=>"sample@mail", "password"=>"[FILTERED]", "remember_me"=>"0"}, "commit"=>"Log in"}
  [1m[36mUser Load (0.8ms)[0m  [1m[34mSELECT  `users`.* FROM `users` WHERE `users`.`email` = 'sample@mail' ORDER BY `users`.`id` ASC LIMIT 1[0m
  â†³ C:/Ruby25-x64/lib/ruby/gems/2.5.0/gems/activerecord-5.2.2/lib/active_record/log_subscriber.rb:98
Redirected to http://localhost:3000/users/index
Completed 302 Found in 554ms (ActiveRecord: 0.8ms)


Started GET "/users/index" for 127.0.0.1 at 2018-12-07 05:52:19 +0900
Processing by UsersController#index as HTML
  [1m[36mUser Load (0.7ms)[0m  [1m[34mSELECT  `users`.* FROM `users` WHERE `users`.`id` = 1 ORDER BY `users`.`id` ASC LIMIT 1[0m
  â†³ C:/Ruby25-x64/lib/ruby/gems/2.5.0/gems/activerecord-5.2.2/lib/active_record/log_subscriber.rb:98
  Rendering users/index.html.erb within layouts/application
  Rendered users/index.html.erb within layouts/application (0.8ms)
Completed 200 OK in 220ms (Views: 175.4ms | ActiveRecord: 0.7ms)


Started DELETE "/users/sign_out" for 127.0.0.1 at 2018-12-07 05:52:21 +0900
Processing by Devise::SessionsController#destroy as HTML
  Parameters: {"authenticity_token"=>"6K8oIv66xZaay9vNBzuT9ugk+0QXJZIROekdhf6yU73TY+v5103xRhJ3vugF+8PTLVrLaZPeelRtGaYGrkA98Q=="}
  [1m[36mUser Load (0.5ms)[0m  [1m[34mSELECT  `users`.* FROM `users` WHERE `users`.`id` = 1 ORDER BY `users`.`id` ASC LIMIT 1[0m
  â†³ C:/Ruby25-x64/lib/ruby/gems/2.5.0/gems/activerecord-5.2.2/lib/active_record/log_subscriber.rb:98
  [1m[35m (0.3ms)[0m  [1m[35mBEGIN[0m
  â†³ C:/Ruby25-x64/lib/ruby/gems/2.5.0/gems/activerecord-5.2.2/lib/active_record/log_subscriber.rb:98
  [1m[35m (1.4ms)[0m  [1m[35mCOMMIT[0m
  â†³ C:/Ruby25-x64/lib/ruby/gems/2.5.0/gems/activerecord-5.2.2/lib/active_record/log_subscriber.rb:98
Redirected to http://localhost:3000/users/index
Completed 302 Found in 16ms (ActiveRecord: 2.1ms)


Started GET "/users/index" for 127.0.0.1 at 2018-12-07 05:52:21 +0900
Processing by UsersController#index as HTML
Completed 401 Unauthorized in 1ms (ActiveRecord: 0.0ms)


Started GET "/users/sign_in" for 127.0.0.1 at 2018-12-07 05:52:21 +0900
Processing by Devise::SessionsController#new as HTML
  Rendering devise/sessions/new.html.erb within layouts/application
  Rendered devise/shared/_links.html.erb (1.3ms)
  Rendered devise/sessions/new.html.erb within layouts/application (52.7ms)
Completed 200 OK in 451ms (Views: 449.2ms | ActiveRecord: 0.0ms)


Started POST "/users/sign_in" for 127.0.0.1 at 2018-12-07 05:57:53 +0900
Processing by Devise::SessionsController#create as HTML
  Parameters: {"utf8"=>"âœ“", "authenticity_token"=>"5TbocB/SG6LwtVO9znjxpvWsn1ACzOtoTc2444e9TPCHLSv/utHrmnQMZm3qkLFHSIEXKzin8+JvHZT3pU7MdQ==", "user"=>{"email"=>"sample@mail", "password"=>"[FILTERED]", "remember_me"=>"0"}, "commit"=>"Log in"}
  [1m[36mUser Load (0.7ms)[0m  [1m[34mSELECT  `users`.* FROM `users` WHERE `users`.`email` = 'sample@mail' ORDER BY `users`.`id` ASC LIMIT 1[0m
  â†³ C:/Ruby25-x64/lib/ruby/gems/2.5.0/gems/activerecord-5.2.2/lib/active_record/log_subscriber.rb:98
Redirected to http://localhost:3000/users/index
Completed 302 Found in 566ms (ActiveRecord: 0.7ms)


Started GET "/users/index" for 127.0.0.1 at 2018-12-07 05:57:53 +0900
Processing by UsersController#index as HTML
  [1m[36mUser Load (0.5ms)[0m  [1m[34mSELECT  `users`.* FROM `users` WHERE `users`.`id` = 1 ORDER BY `users`.`id` ASC LIMIT 1[0m
  â†³ C:/Ruby25-x64/lib/ruby/gems/2.5.0/gems/activerecord-5.2.2/lib/active_record/log_subscriber.rb:98
  Rendering users/index.html.erb within layouts/application
  Rendered users/index.html.erb within layouts/application (0.9ms)
Completed 200 OK in 835ms (Views: 791.5ms | ActiveRecord: 0.5ms)


Started DELETE "/users/sign_out" for 127.0.0.1 at 2018-12-07 05:59:39 +0900
Processing by Devise::SessionsController#destroy as HTML
  Parameters: {"authenticity_token"=>"ay58CcwN1faec1F3L1MU4AZrU5fjgI1Yqvu2+i9t1KKYK3HOYJETupb7htBKdNSiPDdiTWDiqKomi4iFzTaXXA=="}
  [1m[36mUser Load (1.2ms)[0m  [1m[34mSELECT  `users`.* FROM `users` WHERE `users`.`id` = 1 ORDER BY `users`.`id` ASC LIMIT 1[0m
  â†³ C:/Ruby25-x64/lib/ruby/gems/2.5.0/gems/activerecord-5.2.2/lib/active_record/log_subscriber.rb:98
  [1m[35m (0.3ms)[0m  [1m[35mBEGIN[0m
  â†³ C:/Ruby25-x64/lib/ruby/gems/2.5.0/gems/activerecord-5.2.2/lib/active_record/log_subscriber.rb:98
  [1m[35m (0.4ms)[0m  [1m[35mCOMMIT[0m
  â†³ C:/Ruby25-x64/lib/ruby/gems/2.5.0/gems/activerecord-5.2.2/lib/active_record/log_subscriber.rb:98
Redirected to http://localhost:3000/users/index
Completed 302 Found in 14ms (ActiveRecord: 1.9ms)


Started GET "/users/index" for 127.0.0.1 at 2018-12-07 05:59:39 +0900
Processing by UsersController#index as HTML
Completed 401 Unauthorized in 1ms (ActiveRecord: 0.0ms)


Started GET "/users/sign_in" for 127.0.0.1 at 2018-12-07 05:59:40 +0900
Processing by Devise::SessionsController#new as HTML
  Rendering devise/sessions/new.html.erb within layouts/application
  Rendered devise/shared/_links.html.erb (1.5ms)
  Rendered devise/sessions/new.html.erb within layouts/application (54.6ms)
Completed 200 OK in 458ms (Views: 456.3ms | ActiveRecord: 0.0ms)


Started POST "/users/sign_in" for 127.0.0.1 at 2018-12-07 05:59:42 +0900
Processing by Devise::SessionsController#create as HTML
  Parameters: {"utf8"=>"âœ“", "authenticity_token"=>"hMTIBeLKAotk6hETFfUmiBon9EtrKBCWswuabVCYtKFfNFdNryl1naVBkEx1x6sl2O3olKxehB0QyP3tXKsGpQ==", "user"=>{"email"=>"sample@mail", "password"=>"[FILTERED]", "remember_me"=>"0"}, "commit"=>"Log in"}
  [1m[36mUser Load (0.9ms)[0m  [1m[34mSELECT  `users`.* FROM `users` WHERE `users`.`email` = 'sample@mail' ORDER BY `users`.`id` ASC LIMIT 1[0m
  â†³ C:/Ruby25-x64/lib/ruby/gems/2.5.0/gems/activerecord-5.2.2/lib/active_record/log_subscriber.rb:98
Redirected to http://localhost:3000/users/index
Completed 302 Found in 600ms (ActiveRecord: 0.9ms)


Started GET "/users/index" for 127.0.0.1 at 2018-12-07 05:59:43 +0900
Processing by UsersController#index as HTML
  [1m[36mUser Load (0.5ms)[0m  [1m[34mSELECT  `users`.* FROM `users` WHERE `users`.`id` = 1 ORDER BY `users`.`id` ASC LIMIT 1[0m
  â†³ C:/Ruby25-x64/lib/ruby/gems/2.5.0/gems/activerecord-5.2.2/lib/active_record/log_subscriber.rb:98
  Rendering users/index.html.erb within layouts/application
  Rendered users/index.html.erb within layouts/application (72.5ms)
Completed 500 Internal Server Error in 200ms (ActiveRecord: 0.5ms)


  
SyntaxError (C:/Users/mokuren/mymenu/app/views/users/index.html.erb:4: syntax error, unexpected ','
..."ãƒ›ãƒ¼ãƒ ", user_index_path, ,class: "navbtn" );@output_buf...
...                              ^):
  
app/views/users/index.html.erb:4: syntax error, unexpected ','
Started GET "/users/index" for 127.0.0.1 at 2018-12-07 06:00:37 +0900
Processing by UsersController#index as HTML
  [1m[36mUser Load (0.9ms)[0m  [1m[34mSELECT  `users`.* FROM `users` WHERE `users`.`id` = 1 ORDER BY `users`.`id` ASC LIMIT 1[0m
  â†³ C:/Ruby25-x64/lib/ruby/gems/2.5.0/gems/activerecord-5.2.2/lib/active_record/log_subscriber.rb:98
  Rendering users/index.html.erb within layouts/application
  Rendered users/index.html.erb within layouts/application (1.1ms)
Completed 200 OK in 280ms (Views: 189.2ms | ActiveRecord: 0.9ms)


Started DELETE "/users/sign_out" for 127.0.0.1 at 2018-12-07 06:00:43 +0900
Processing by Devise::SessionsController#destroy as HTML
  Parameters: {"authenticity_token"=>"YIVT8af9FFE6ST9daEA8flDVs/zn0KW08A3EAY1bmu0c5PoaM2mivMctHjNftIgGoYiVgirXLfijpZmDmFDmUw=="}
  [1m[36mUser Load (0.5ms)[0m  [1m[34mSELECT  `users`.* FROM `users` WHERE `users`.`id` = 1 ORDER BY `users`.`id` ASC LIMIT 1[0m
  â†³ C:/Ruby25-x64/lib/ruby/gems/2.5.0/gems/activerecord-5.2.2/lib/active_record/log_subscriber.rb:98
  [1m[35m (0.2ms)[0m  [1m[35mBEGIN[0m
  â†³ C:/Ruby25-x64/lib/ruby/gems/2.5.0/gems/activerecord-5.2.2/lib/active_record/log_subscriber.rb:98
  [1m[35m (0.2ms)[0m  [1m[35mCOMMIT[0m
  â†³ C:/Ruby25-x64/lib/ruby/gems/2.5.0/gems/activerecord-5.2.2/lib/active_record/log_subscriber.rb:98
Redirected to http://localhost:3000/users/index
Completed 302 Found in 8ms (ActiveRecord: 0.9ms)


Started GET "/users/index" for 127.0.0.1 at 2018-12-07 06:00:43 +0900
Processing by UsersController#index as HTML
Completed 401 Unauthorized in 1ms (ActiveRecord: 0.0ms)


Started GET "/users/sign_in" for 127.0.0.1 at 2018-12-07 06:00:43 +0900
Processing by Devise::SessionsController#new as HTML
  Rendering devise/sessions/new.html.erb within layouts/application
  Rendered devise/shared/_links.html.erb (1.4ms)
  Rendered devise/sessions/new.html.erb within layouts/application (55.7ms)
Completed 200 OK in 437ms (Views: 435.6ms | ActiveRecord: 0.0ms)


Started POST "/users/sign_in" for 127.0.0.1 at 2018-12-07 06:00:47 +0900
Processing by Devise::SessionsController#create as HTML
  Parameters: {"utf8"=>"âœ“", "authenticity_token"=>"xWK5St6a0QV+wasQi6Y/6RTcub2TbtqeazvZvPCeC+dar8gRzMm1KWnohvREhp5JZHoCxSqAwbEQ5UZHPwN+NQ==", "user"=>{"email"=>"sample@mail", "password"=>"[FILTERED]", "remember_me"=>"0"}, "commit"=>"Log in"}
  [1m[36mUser Load (0.7ms)[0m  [1m[34mSELECT  `users`.* FROM `users` WHERE `users`.`email` = 'sample@mail' ORDER BY `users`.`id` ASC LIMIT 1[0m
  â†³ C:/Ruby25-x64/lib/ruby/gems/2.5.0/gems/activerecord-5.2.2/lib/active_record/log_subscriber.rb:98
Redirected to http://localhost:3000/users/index
Completed 302 Found in 656ms (ActiveRecord: 0.7ms)


Started GET "/users/index" for 127.0.0.1 at 2018-12-07 06:00:47 +0900
Processing by UsersController#index as HTML
  [1m[36mUser Load (0.5ms)[0m  [1m[34mSELECT  `users`.* FROM `users` WHERE `users`.`id` = 1 ORDER BY `users`.`id` ASC LIMIT 1[0m
  â†³ C:/Ruby25-x64/lib/ruby/gems/2.5.0/gems/activerecord-5.2.2/lib/active_record/log_subscriber.rb:98
  Rendering users/index.html.erb within layouts/application
  Rendered users/index.html.erb within layouts/application (1.1ms)
Completed 200 OK in 210ms (Views: 166.3ms | ActiveRecord: 0.5ms)


Started GET "/users/index" for 127.0.0.1 at 2018-12-07 06:03:01 +0900
Processing by UsersController#index as HTML
  [1m[36mUser Load (0.7ms)[0m  [1m[34mSELECT  `users`.* FROM `users` WHERE `users`.`id` = 1 ORDER BY `users`.`id` ASC LIMIT 1[0m
  â†³ C:/Ruby25-x64/lib/ruby/gems/2.5.0/gems/activerecord-5.2.2/lib/active_record/log_subscriber.rb:98
  Rendering users/index.html.erb within layouts/application
  Rendered users/index.html.erb within layouts/application (1.1ms)
Completed 200 OK in 8249ms (Views: 8204.9ms | ActiveRecord: 0.7ms)


Started GET "/users/index" for 127.0.0.1 at 2018-12-07 06:04:05 +0900
Processing by UsersController#index as HTML
  [1m[36mUser Load (1.0ms)[0m  [1m[34mSELECT  `users`.* FROM `users` WHERE `users`.`id` = 1 ORDER BY `users`.`id` ASC LIMIT 1[0m
  â†³ C:/Ruby25-x64/lib/ruby/gems/2.5.0/gems/activerecord-5.2.2/lib/active_record/log_subscriber.rb:98
  Rendering users/index.html.erb within layouts/application
  Rendered users/index.html.erb within layouts/application (1.0ms)
Completed 200 OK in 384ms (Views: 311.8ms | ActiveRecord: 1.0ms)


Started GET "/users/index" for 127.0.0.1 at 2018-12-07 06:07:28 +0900
Processing by UsersController#index as HTML
  [1m[36mUser Load (0.9ms)[0m  [1m[34mSELECT  `users`.* FROM `users` WHERE `users`.`id` = 1 ORDER BY `users`.`id` ASC LIMIT 1[0m
  â†³ C:/Ruby25-x64/lib/ruby/gems/2.5.0/gems/activerecord-5.2.2/lib/active_record/log_subscriber.rb:98
  Rendering users/index.html.erb within layouts/application
  Rendered users/index.html.erb within layouts/application (1.2ms)
Completed 200 OK in 369ms (Views: 294.6ms | ActiveRecord: 0.9ms)


Started GET "/users/index" for 127.0.0.1 at 2018-12-07 06:07:56 +0900
Processing by UsersController#index as HTML
  [1m[36mUser Load (0.7ms)[0m  [1m[34mSELECT  `users`.* FROM `users` WHERE `users`.`id` = 1 ORDER BY `users`.`id` ASC LIMIT 1[0m
  â†³ C:/Ruby25-x64/lib/ruby/gems/2.5.0/gems/activerecord-5.2.2/lib/active_record/log_subscriber.rb:98
  Rendering users/index.html.erb within layouts/application
  Rendered users/index.html.erb within layouts/application (1.6ms)
Completed 200 OK in 741ms (Views: 668.9ms | ActiveRecord: 0.7ms)


Started GET "/users/index" for 127.0.0.1 at 2018-12-07 06:12:40 +0900
Processing by UsersController#index as HTML
  [1m[36mUser Load (0.9ms)[0m  [1m[34mSELECT  `users`.* FROM `users` WHERE `users`.`id` = 1 ORDER BY `users`.`id` ASC LIMIT 1[0m
  â†³ C:/Ruby25-x64/lib/ruby/gems/2.5.0/gems/activerecord-5.2.2/lib/active_record/log_subscriber.rb:98
  Rendering users/index.html.erb within layouts/application
  Rendered users/index.html.erb within layouts/application (1.4ms)
Completed 200 OK in 288ms (Views: 243.0ms | ActiveRecord: 0.9ms)


Started GET "/users/index" for 127.0.0.1 at 2018-12-07 06:13:33 +0900
Processing by UsersController#index as HTML
  [1m[36mUser Load (0.5ms)[0m  [1m[34mSELECT  `users`.* FROM `users` WHERE `users`.`id` = 1 ORDER BY `users`.`id` ASC LIMIT 1[0m
  â†³ C:/Ruby25-x64/lib/ruby/gems/2.5.0/gems/activerecord-5.2.2/lib/active_record/log_subscriber.rb:98
  Rendering users/index.html.erb within layouts/application
  Rendered users/index.html.erb within layouts/application (1.6ms)
Completed 200 OK in 285ms (Views: 240.5ms | ActiveRecord: 0.5ms)


Started GET "/users/index" for 127.0.0.1 at 2018-12-07 06:13:50 +0900
Processing by UsersController#index as HTML
  [1m[36mUser Load (1.0ms)[0m  [1m[34mSELECT  `users`.* FROM `users` WHERE `users`.`id` = 1 ORDER BY `users`.`id` ASC LIMIT 1[0m
  â†³ C:/Ruby25-x64/lib/ruby/gems/2.5.0/gems/activerecord-5.2.2/lib/active_record/log_subscriber.rb:98
  Rendering users/index.html.erb within layouts/application
  Rendered users/index.html.erb within layouts/application (1.3ms)
Completed 200 OK in 284ms (Views: 238.8ms | ActiveRecord: 1.0ms)


Started GET "/users/index" for 127.0.0.1 at 2018-12-07 06:14:22 +0900
Processing by UsersController#index as HTML
  [1m[36mUser Load (0.6ms)[0m  [1m[34mSELECT  `users`.* FROM `users` WHERE `users`.`id` = 1 ORDER BY `users`.`id` ASC LIMIT 1[0m
  â†³ C:/Ruby25-x64/lib/ruby/gems/2.5.0/gems/activerecord-5.2.2/lib/active_record/log_subscriber.rb:98
  Rendering users/index.html.erb within layouts/application
  Rendered users/index.html.erb within layouts/application (1.1ms)
Completed 200 OK in 218ms (Views: 173.7ms | ActiveRecord: 0.6ms)


Started GET "/users/index" for 127.0.0.1 at 2018-12-07 06:19:24 +0900
Processing by UsersController#index as HTML
  [1m[36mUser Load (1.4ms)[0m  [1m[34mSELECT  `users`.* FROM `users` WHERE `users`.`id` = 1 ORDER BY `users`.`id` ASC LIMIT 1[0m
  â†³ C:/Ruby25-x64/lib/ruby/gems/2.5.0/gems/activerecord-5.2.2/lib/active_record/log_subscriber.rb:98
  Rendering users/index.html.erb within layouts/application
  Rendered users/index.html.erb within layouts/application (1.2ms)
Completed 200 OK in 219ms (Views: 165.2ms | ActiveRecord: 1.4ms)


Started GET "/users/index" for 127.0.0.1 at 2018-12-07 06:19:44 +0900
Processing by UsersController#index as HTML
  [1m[36mUser Load (0.6ms)[0m  [1m[34mSELECT  `users`.* FROM `users` WHERE `users`.`id` = 1 ORDER BY `users`.`id` ASC LIMIT 1[0m
  â†³ C:/Ruby25-x64/lib/ruby/gems/2.5.0/gems/activerecord-5.2.2/lib/active_record/log_subscriber.rb:98
  Rendering users/index.html.erb within layouts/application
  Rendered users/index.html.erb within layouts/application (1.2ms)
Completed 200 OK in 206ms (Views: 160.9ms | ActiveRecord: 0.6ms)


Started GET "/users/index" for 127.0.0.1 at 2018-12-07 06:24:40 +0900
Processing by UsersController#index as HTML
  [1m[36mUser Load (0.9ms)[0m  [1m[34mSELECT  `users`.* FROM `users` WHERE `users`.`id` = 1 ORDER BY `users`.`id` ASC LIMIT 1[0m
  â†³ C:/Ruby25-x64/lib/ruby/gems/2.5.0/gems/activerecord-5.2.2/lib/active_record/log_subscriber.rb:98
  Rendering users/index.html.erb within layouts/application
  Rendered users/index.html.erb within layouts/application (2.0ms)
Completed 200 OK in 378ms (Views: 307.1ms | ActiveRecord: 0.9ms)


Started GET "/users/index" for 127.0.0.1 at 2018-12-07 06:26:33 +0900
Processing by UsersController#index as HTML
  [1m[36mUser Load (0.7ms)[0m  [1m[34mSELECT  `users`.* FROM `users` WHERE `users`.`id` = 1 ORDER BY `users`.`id` ASC LIMIT 1[0m
  â†³ C:/Ruby25-x64/lib/ruby/gems/2.5.0/gems/activerecord-5.2.2/lib/active_record/log_subscriber.rb:98
  Rendering users/index.html.erb within layouts/application
  Rendered users/index.html.erb within layouts/application (1.6ms)
Completed 200 OK in 206ms (Views: 162.7ms | ActiveRecord: 0.7ms)


Started DELETE "/menus/search" for 127.0.0.1 at 2018-12-07 06:26:36 +0900
  
ActionController::RoutingError (No route matches [DELETE] "/menus/search"):
  
actionpack (5.2.2) lib/action_dispatch/middleware/debug_exceptions.rb:65:in `call'
web-console (3.7.0) lib/web_console/middleware.rb:135:in `call_app'
web-console (3.7.0) lib/web_console/middleware.rb:30:in `block in call'
web-console (3.7.0) lib/web_console/middleware.rb:20:in `catch'
web-console (3.7.0) lib/web_console/middleware.rb:20:in `call'
actionpack (5.2.2) lib/action_dispatch/middleware/show_exceptions.rb:33:in `call'
railties (5.2.2) lib/rails/rack/logger.rb:38:in `call_app'
railties (5.2.2) lib/rails/rack/logger.rb:26:in `block in call'
activesupport (5.2.2) lib/active_support/tagged_logging.rb:71:in `block in tagged'
activesupport (5.2.2) lib/active_support/tagged_logging.rb:28:in `tagged'
activesupport (5.2.2) lib/active_support/tagged_logging.rb:71:in `tagged'
railties (5.2.2) lib/rails/rack/logger.rb:26:in `call'
sprockets-rails (3.2.1) lib/sprockets/rails/quiet_assets.rb:13:in `call'
actionpack (5.2.2) lib/action_dispatch/middleware/remote_ip.rb:81:in `call'
actionpack (5.2.2) lib/action_dispatch/middleware/request_id.rb:27:in `call'
rack (2.0.6) lib/rack/method_override.rb:22:in `call'
rack (2.0.6) lib/rack/runtime.rb:22:in `call'
activesupport (5.2.2) lib/active_support/cache/strategy/local_cache_middleware.rb:29:in `call'
actionpack (5.2.2) lib/action_dispatch/middleware/executor.rb:14:in `call'
actionpack (5.2.2) lib/action_dispatch/middleware/static.rb:127:in `call'
rack (2.0.6) lib/rack/sendfile.rb:111:in `call'
railties (5.2.2) lib/rails/engine.rb:524:in `call'
puma (3.12.0) lib/puma/configuration.rb:225:in `call'
puma (3.12.0) lib/puma/server.rb:658:in `handle_request'
puma (3.12.0) lib/puma/server.rb:472:in `process_client'
puma (3.12.0) lib/puma/server.rb:332:in `block in run'
puma (3.12.0) lib/puma/thread_pool.rb:133:in `block in spawn_thread'
Started DELETE "/menus/search" for 127.0.0.1 at 2018-12-07 06:27:43 +0900
  
ActionController::RoutingError (No route matches [DELETE] "/menus/search"):
  
actionpack (5.2.2) lib/action_dispatch/middleware/debug_exceptions.rb:65:in `call'
web-console (3.7.0) lib/web_console/middleware.rb:135:in `call_app'
web-console (3.7.0) lib/web_console/middleware.rb:30:in `block in call'
web-console (3.7.0) lib/web_console/middleware.rb:20:in `catch'
web-console (3.7.0) lib/web_console/middleware.rb:20:in `call'
actionpack (5.2.2) lib/action_dispatch/middleware/show_exceptions.rb:33:in `call'
railties (5.2.2) lib/rails/rack/logger.rb:38:in `call_app'
railties (5.2.2) lib/rails/rack/logger.rb:26:in `block in call'
activesupport (5.2.2) lib/active_support/tagged_logging.rb:71:in `block in tagged'
activesupport (5.2.2) lib/active_support/tagged_logging.rb:28:in `tagged'
activesupport (5.2.2) lib/active_support/tagged_logging.rb:71:in `tagged'
railties (5.2.2) lib/rails/rack/logger.rb:26:in `call'
sprockets-rails (3.2.1) lib/sprockets/rails/quiet_assets.rb:13:in `call'
actionpack (5.2.2) lib/action_dispatch/middleware/remote_ip.rb:81:in `call'
actionpack (5.2.2) lib/action_dispatch/middleware/request_id.rb:27:in `call'
rack (2.0.6) lib/rack/method_override.rb:22:in `call'
rack (2.0.6) lib/rack/runtime.rb:22:in `call'
activesupport (5.2.2) lib/active_support/cache/strategy/local_cache_middleware.rb:29:in `call'
actionpack (5.2.2) lib/action_dispatch/middleware/executor.rb:14:in `call'
actionpack (5.2.2) lib/action_dispatch/middleware/static.rb:127:in `call'
rack (2.0.6) lib/rack/sendfile.rb:111:in `call'
railties (5.2.2) lib/rails/engine.rb:524:in `call'
puma (3.12.0) lib/puma/configuration.rb:225:in `call'
puma (3.12.0) lib/puma/server.rb:658:in `handle_request'
puma (3.12.0) lib/puma/server.rb:472:in `process_client'
puma (3.12.0) lib/puma/server.rb:332:in `block in run'
puma (3.12.0) lib/puma/thread_pool.rb:133:in `block in spawn_thread'
Started DELETE "/menus/search" for 127.0.0.1 at 2018-12-07 06:28:48 +0900
  
ActionController::RoutingError (No route matches [DELETE] "/menus/search"):
  
actionpack (5.2.2) lib/action_dispatch/middleware/debug_exceptions.rb:65:in `call'
web-console (3.7.0) lib/web_console/middleware.rb:135:in `call_app'
web-console (3.7.0) lib/web_console/middleware.rb:30:in `block in call'
web-console (3.7.0) lib/web_console/middleware.rb:20:in `catch'
web-console (3.7.0) lib/web_console/middleware.rb:20:in `call'
actionpack (5.2.2) lib/action_dispatch/middleware/show_exceptions.rb:33:in `call'
railties (5.2.2) lib/rails/rack/logger.rb:38:in `call_app'
railties (5.2.2) lib/rails/rack/logger.rb:26:in `block in call'
activesupport (5.2.2) lib/active_support/tagged_logging.rb:71:in `block in tagged'
activesupport (5.2.2) lib/active_support/tagged_logging.rb:28:in `tagged'
activesupport (5.2.2) lib/active_support/tagged_logging.rb:71:in `tagged'
railties (5.2.2) lib/rails/rack/logger.rb:26:in `call'
sprockets-rails (3.2.1) lib/sprockets/rails/quiet_assets.rb:13:in `call'
actionpack (5.2.2) lib/action_dispatch/middleware/remote_ip.rb:81:in `call'
actionpack (5.2.2) lib/action_dispatch/middleware/request_id.rb:27:in `call'
rack (2.0.6) lib/rack/method_override.rb:22:in `call'
rack (2.0.6) lib/rack/runtime.rb:22:in `call'
activesupport (5.2.2) lib/active_support/cache/strategy/local_cache_middleware.rb:29:in `call'
actionpack (5.2.2) lib/action_dispatch/middleware/executor.rb:14:in `call'
actionpack (5.2.2) lib/action_dispatch/middleware/static.rb:127:in `call'
rack (2.0.6) lib/rack/sendfile.rb:111:in `call'
railties (5.2.2) lib/rails/engine.rb:524:in `call'
puma (3.12.0) lib/puma/configuration.rb:225:in `call'
puma (3.12.0) lib/puma/server.rb:658:in `handle_request'
puma (3.12.0) lib/puma/server.rb:472:in `process_client'
puma (3.12.0) lib/puma/server.rb:332:in `block in run'
puma (3.12.0) lib/puma/thread_pool.rb:133:in `block in spawn_thread'
Started GET "/menus/search" for 127.0.0.1 at 2018-12-07 06:32:17 +0900
Processing by MenusController#search as HTML
  [1m[36mUser Load (0.5ms)[0m  [1m[34mSELECT  `users`.* FROM `users` WHERE `users`.`id` = 1 ORDER BY `users`.`id` ASC LIMIT 1[0m
  â†³ C:/Ruby25-x64/lib/ruby/gems/2.5.0/gems/activerecord-5.2.2/lib/active_record/log_subscriber.rb:98
  Rendering menus/search.html.erb within layouts/application
  [1m[36mMenu Load (0.8ms)[0m  [1m[34mSELECT `menus`.* FROM `menus`[0m
  â†³ app/views/menus/search.html.erb:5
  Rendered menus/search.html.erb within layouts/application (34.9ms)
Completed 200 OK in 487ms (Views: 329.1ms | ActiveRecord: 43.2ms)


Started GET "/users/index" for 127.0.0.1 at 2018-12-07 06:33:04 +0900
Processing by UsersController#index as HTML
  [1m[36mUser Load (1.1ms)[0m  [1m[34mSELECT  `users`.* FROM `users` WHERE `users`.`id` = 1 ORDER BY `users`.`id` ASC LIMIT 1[0m
  â†³ C:/Ruby25-x64/lib/ruby/gems/2.5.0/gems/activerecord-5.2.2/lib/active_record/log_subscriber.rb:98
  Rendering users/index.html.erb within layouts/application
  Rendered users/index.html.erb within layouts/application (2.9ms)
Completed 200 OK in 210ms (Views: 165.4ms | ActiveRecord: 1.1ms)


Started GET "/menus/search" for 127.0.0.1 at 2018-12-07 06:33:06 +0900
Processing by MenusController#search as HTML
  [1m[36mUser Load (0.5ms)[0m  [1m[34mSELECT  `users`.* FROM `users` WHERE `users`.`id` = 1 ORDER BY `users`.`id` ASC LIMIT 1[0m
  â†³ C:/Ruby25-x64/lib/ruby/gems/2.5.0/gems/activerecord-5.2.2/lib/active_record/log_subscriber.rb:98
  Rendering menus/search.html.erb within layouts/application
  [1m[36mMenu Load (0.6ms)[0m  [1m[34mSELECT `menus`.* FROM `menus`[0m
  â†³ app/views/menus/search.html.erb:5
  Rendered menus/search.html.erb within layouts/application (4.6ms)
Completed 200 OK in 307ms (Views: 264.2ms | ActiveRecord: 1.1ms)


Started GET "/users/index" for 127.0.0.1 at 2018-12-07 06:33:11 +0900
Processing by UsersController#index as HTML
  [1m[36mUser Load (0.5ms)[0m  [1m[34mSELECT  `users`.* FROM `users` WHERE `users`.`id` = 1 ORDER BY `users`.`id` ASC LIMIT 1[0m
  â†³ C:/Ruby25-x64/lib/ruby/gems/2.5.0/gems/activerecord-5.2.2/lib/active_record/log_subscriber.rb:98
  Rendering users/index.html.erb within layouts/application
  Rendered users/index.html.erb within layouts/application (1.7ms)
Completed 200 OK in 209ms (Views: 167.6ms | ActiveRecord: 0.5ms)


Started GET "/users/index" for 127.0.0.1 at 2018-12-07 06:33:12 +0900
Processing by UsersController#index as HTML
  [1m[36mUser Load (0.5ms)[0m  [1m[34mSELECT  `users`.* FROM `users` WHERE `users`.`id` = 1 ORDER BY `users`.`id` ASC LIMIT 1[0m
  â†³ C:/Ruby25-x64/lib/ruby/gems/2.5.0/gems/activerecord-5.2.2/lib/active_record/log_subscriber.rb:98
  Rendering users/index.html.erb within layouts/application
  Rendered users/index.html.erb within layouts/application (1.6ms)
Completed 200 OK in 230ms (Views: 187.2ms | ActiveRecord: 0.5ms)


Started GET "/menus/search" for 127.0.0.1 at 2018-12-07 06:33:14 +0900
Processing by MenusController#search as HTML
  [1m[36mUser Load (0.5ms)[0m  [1m[34mSELECT  `users`.* FROM `users` WHERE `users`.`id` = 1 ORDER BY `users`.`id` ASC LIMIT 1[0m
  â†³ C:/Ruby25-x64/lib/ruby/gems/2.5.0/gems/activerecord-5.2.2/lib/active_record/log_subscriber.rb:98
  Rendering menus/search.html.erb within layouts/application
  [1m[36mMenu Load (0.5ms)[0m  [1m[34mSELECT `menus`.* FROM `menus`[0m
  â†³ app/views/menus/search.html.erb:5
  Rendered menus/search.html.erb within layouts/application (3.4ms)
Completed 200 OK in 301ms (Views: 256.4ms | ActiveRecord: 1.0ms)


Started GET "/users/index" for 127.0.0.1 at 2018-12-07 06:33:36 +0900
Processing by UsersController#index as HTML
  [1m[36mUser Load (0.9ms)[0m  [1m[34mSELECT  `users`.* FROM `users` WHERE `users`.`id` = 1 ORDER BY `users`.`id` ASC LIMIT 1[0m
  â†³ C:/Ruby25-x64/lib/ruby/gems/2.5.0/gems/activerecord-5.2.2/lib/active_record/log_subscriber.rb:98
  Rendering users/index.html.erb within layouts/application
  Rendered users/index.html.erb within layouts/application (2.3ms)
Completed 200 OK in 331ms (Views: 260.4ms | ActiveRecord: 0.9ms)


  [1m[35m (1.6ms)[0m  [1m[35mSET NAMES utf8,  @@SESSION.sql_mode = CONCAT(CONCAT(@@sql_mode, ',STRICT_ALL_TABLES'), ',NO_AUTO_VALUE_ON_ZERO'),  @@SESSION.sql_auto_is_null = 0, @@SESSION.wait_timeout = 2147483[0m
  â†³ bin/rails:4
  [1m[35m (0.8ms)[0m  [1m[34mSELECT `schema_migrations`.`version` FROM `schema_migrations` ORDER BY `schema_migrations`.`version` ASC[0m
  â†³ bin/rails:4
  [1m[35m (1.6ms)[0m  [1m[34mSELECT `ar_internal_metadata`.`value` FROM `ar_internal_metadata` WHERE `ar_internal_metadata`.`key` = 'environment'[0m
  â†³ bin/rails:4
  [1m[35m (0.8ms)[0m  [1m[34mSELECT `schema_migrations`.`version` FROM `schema_migrations` ORDER BY `schema_migrations`.`version` ASC[0m
  â†³ bin/rails:4
  [1m[35m (0.4ms)[0m  [1m[34mSELECT `ar_internal_metadata`.`value` FROM `ar_internal_metadata` WHERE `ar_internal_metadata`.`key` = 'environment'[0m
  â†³ bin/rails:4
  [1m[35m (0.3ms)[0m  [1m[34mSELECT `schema_migrations`.`version` FROM `schema_migrations` ORDER BY `schema_migrations`.`version` ASC[0m
  â†³ bin/rails:4
  [1m[35m (0.3ms)[0m  [1m[34mSELECT `ar_internal_metadata`.`value` FROM `ar_internal_metadata` WHERE `ar_internal_metadata`.`key` = 'environment'[0m
  â†³ bin/rails:4
  [1m[35m (0.4ms)[0m  [1m[35mSET NAMES utf8,  @@SESSION.sql_mode = CONCAT(CONCAT(@@sql_mode, ',STRICT_ALL_TABLES'), ',NO_AUTO_VALUE_ON_ZERO'),  @@SESSION.sql_auto_is_null = 0, @@SESSION.wait_timeout = 2147483[0m
  â†³ bin/rails:4
  [1m[35m (454.1ms)[0m  [1m[35mDROP DATABASE IF EXISTS `mymenu_development`[0m
  â†³ bin/rails:4
  [1m[35m (0.5ms)[0m  [1m[35mSET NAMES utf8,  @@SESSION.sql_mode = CONCAT(CONCAT(@@sql_mode, ',STRICT_ALL_TABLES'), ',NO_AUTO_VALUE_ON_ZERO'),  @@SESSION.sql_auto_is_null = 0, @@SESSION.wait_timeout = 2147483[0m
  â†³ bin/rails:4
  [1m[35m (3.1ms)[0m  [1m[35mDROP DATABASE IF EXISTS `mymenu_test`[0m
  â†³ bin/rails:4
  [1m[35m (0.4ms)[0m  [1m[35mSET NAMES utf8,  @@SESSION.sql_mode = CONCAT(CONCAT(@@sql_mode, ',STRICT_ALL_TABLES'), ',NO_AUTO_VALUE_ON_ZERO'),  @@SESSION.sql_auto_is_null = 0, @@SESSION.wait_timeout = 2147483[0m
  â†³ bin/rails:4
  [1m[35m (8.2ms)[0m  [1m[35mCREATE DATABASE `kondate_development` DEFAULT CHARACTER SET `utf8`[0m
  â†³ bin/rails:4
  [1m[35m (0.3ms)[0m  [1m[35mSET NAMES utf8,  @@SESSION.sql_mode = CONCAT(CONCAT(@@sql_mode, ',STRICT_ALL_TABLES'), ',NO_AUTO_VALUE_ON_ZERO'),  @@SESSION.sql_auto_is_null = 0, @@SESSION.wait_timeout = 2147483[0m
  â†³ bin/rails:4
  [1m[35m (2.7ms)[0m  [1m[35mCREATE DATABASE `kondate_test` DEFAULT CHARACTER SET `utf8`[0m
  â†³ bin/rails:4
  [1m[35m (0.4ms)[0m  [1m[35mSET NAMES utf8,  @@SESSION.sql_mode = CONCAT(CONCAT(@@sql_mode, ',STRICT_ALL_TABLES'), ',NO_AUTO_VALUE_ON_ZERO'),  @@SESSION.sql_auto_is_null = 0, @@SESSION.wait_timeout = 2147483[0m
  â†³ bin/rails:4
  [1m[35m (47.5ms)[0m  [1m[35mCREATE TABLE `schema_migrations` (`version` varchar(255) NOT NULL PRIMARY KEY)[0m
  â†³ bin/rails:4
  [1m[35m (59.4ms)[0m  [1m[35mCREATE TABLE `ar_internal_metadata` (`key` varchar(255) NOT NULL PRIMARY KEY, `value` varchar(255), `created_at` datetime NOT NULL, `updated_at` datetime NOT NULL)[0m
  â†³ bin/rails:4
  [1m[35m (0.3ms)[0m  [1m[34mSELECT GET_LOCK('1483876532669789580', 0)[0m
  â†³ bin/rails:4
  [1m[35m (0.4ms)[0m  [1m[34mSELECT `schema_migrations`.`version` FROM `schema_migrations` ORDER BY `schema_migrations`.`version` ASC[0m
  â†³ bin/rails:4
Migrating to DeviseCreateUsers (20181205140031)
  [1m[35m (56.2ms)[0m  [1m[35mCREATE TABLE `users` (`id` bigint NOT NULL AUTO_INCREMENT PRIMARY KEY, `email` varchar(255) DEFAULT '' NOT NULL, `encrypted_password` varchar(255) DEFAULT '' NOT NULL, `reset_password_token` varchar(255), `reset_password_sent_at` datetime, `remember_created_at` datetime, `created_at` datetime NOT NULL, `updated_at` datetime NOT NULL)[0m
  â†³ db/migrate/20181205140031_devise_create_users.rb:5
  [1m[35m (29.7ms)[0m  [1m[35mCREATE UNIQUE INDEX `index_users_on_email`  ON `users` (`email`) [0m
  â†³ db/migrate/20181205140031_devise_create_users.rb:39
  [1m[35m (21.4ms)[0m  [1m[35mCREATE UNIQUE INDEX `index_users_on_reset_password_token`  ON `users` (`reset_password_token`) [0m
  â†³ db/migrate/20181205140031_devise_create_users.rb:40
  [1m[35m (0.2ms)[0m  [1m[35mBEGIN[0m
  â†³ bin/rails:4
  [1m[36mActiveRecord::SchemaMigration Create (0.5ms)[0m  [1m[32mINSERT INTO `schema_migrations` (`version`) VALUES ('20181205140031')[0m
  â†³ bin/rails:4
  [1m[35m (2.8ms)[0m  [1m[35mCOMMIT[0m
  â†³ bin/rails:4
Migrating to CreateMenus (20181205211450)
  [1m[35m (46.3ms)[0m  [1m[35mCREATE TABLE `menus` (`id` bigint NOT NULL AUTO_INCREMENT PRIMARY KEY, `menu_name` text, `url` text, `date` date, `check` int, `created_at` datetime NOT NULL, `updated_at` datetime NOT NULL)[0m
  â†³ db/migrate/20181205211450_create_menus.rb:3
  [1m[35m (0.3ms)[0m  [1m[35mBEGIN[0m
  â†³ bin/rails:4
  [1m[36mActiveRecord::SchemaMigration Create (0.6ms)[0m  [1m[32mINSERT INTO `schema_migrations` (`version`) VALUES ('20181205211450')[0m
  â†³ bin/rails:4
  [1m[35m (4.6ms)[0m  [1m[35mCOMMIT[0m
  â†³ bin/rails:4
  [1m[36mActiveRecord::InternalMetadata Load (0.5ms)[0m  [1m[34mSELECT  `ar_internal_metadata`.* FROM `ar_internal_metadata` WHERE `ar_internal_metadata`.`key` = 'environment' LIMIT 1[0m
  â†³ bin/rails:4
  [1m[35m (0.3ms)[0m  [1m[35mBEGIN[0m
  â†³ bin/rails:4
  [1m[36mActiveRecord::InternalMetadata Create (0.5ms)[0m  [1m[32mINSERT INTO `ar_internal_metadata` (`key`, `value`, `created_at`, `updated_at`) VALUES ('environment', 'development', '2018-12-08 01:32:02', '2018-12-08 01:32:02')[0m
  â†³ bin/rails:4
  [1m[35m (4.9ms)[0m  [1m[35mCOMMIT[0m
  â†³ bin/rails:4
  [1m[35m (0.4ms)[0m  [1m[34mSELECT RELEASE_LOCK('1483876532669789580')[0m
  â†³ bin/rails:4
  [1m[35m (0.4ms)[0m  [1m[34mSELECT `schema_migrations`.`version` FROM `schema_migrations` ORDER BY `schema_migrations`.`version` ASC[0m
  â†³ bin/rails:4
